2025-06-12T13:56:59.709+05:00  INFO 19836 --- [FidDuniyaBE] [restartedMain] o.i.fidduniyabe.FidDuniyaBeApplication   : Starting FidDuniyaBeApplication using Java 23 with PID 19836 (D:\Idea2Product\JavaSpringBoot\FidDuniyaBE\target\classes started by HP in D:\Idea2Product\JavaSpringBoot\FidDuniyaBE)
2025-06-12T13:56:59.714+05:00  INFO 19836 --- [FidDuniyaBE] [restartedMain] o.i.fidduniyabe.FidDuniyaBeApplication   : No active profile set, falling back to 1 default profile: "default"
2025-06-12T13:56:59.785+05:00  INFO 19836 --- [FidDuniyaBE] [restartedMain] .e.DevToolsPropertyDefaultsPostProcessor : Devtools property defaults active! Set 'spring.devtools.add-properties' to 'false' to disable
2025-06-12T13:56:59.786+05:00  INFO 19836 --- [FidDuniyaBE] [restartedMain] .e.DevToolsPropertyDefaultsPostProcessor : For additional web related logging consider setting the 'logging.level.web' property to 'DEBUG'
2025-06-12T13:57:01.093+05:00  INFO 19836 --- [FidDuniyaBE] [restartedMain] .s.d.r.c.RepositoryConfigurationDelegate : Bootstrapping Spring Data JPA repositories in DEFAULT mode.
2025-06-12T13:57:01.148+05:00  INFO 19836 --- [FidDuniyaBE] [restartedMain] .s.d.r.c.RepositoryConfigurationDelegate : Finished Spring Data repository scanning in 46 ms. Found 3 JPA repository interfaces.
2025-06-12T13:57:02.190+05:00  INFO 19836 --- [FidDuniyaBE] [restartedMain] o.s.b.w.embedded.tomcat.TomcatWebServer  : Tomcat initialized with port 3001 (http)
2025-06-12T13:57:02.213+05:00  INFO 19836 --- [FidDuniyaBE] [restartedMain] o.apache.catalina.core.StandardService   : Starting service [Tomcat]
2025-06-12T13:57:02.214+05:00  INFO 19836 --- [FidDuniyaBE] [restartedMain] o.apache.catalina.core.StandardEngine    : Starting Servlet engine: [Apache Tomcat/10.1.40]
2025-06-12T13:57:02.262+05:00  INFO 19836 --- [FidDuniyaBE] [restartedMain] o.a.c.c.C.[Tomcat].[localhost].[/]       : Initializing Spring embedded WebApplicationContext
2025-06-12T13:57:02.263+05:00  INFO 19836 --- [FidDuniyaBE] [restartedMain] w.s.c.ServletWebServerApplicationContext : Root WebApplicationContext: initialization completed in 2476 ms
2025-06-12T13:57:02.682+05:00  INFO 19836 --- [FidDuniyaBE] [restartedMain] o.hibernate.jpa.internal.util.LogHelper  : HHH000204: Processing PersistenceUnitInfo [name: default]
2025-06-12T13:57:02.745+05:00  INFO 19836 --- [FidDuniyaBE] [restartedMain] org.hibernate.Version                    : HHH000412: Hibernate ORM core version 6.6.13.Final
2025-06-12T13:57:02.785+05:00  INFO 19836 --- [FidDuniyaBE] [restartedMain] o.h.c.internal.RegionFactoryInitiator    : HHH000026: Second-level cache disabled
2025-06-12T13:57:03.139+05:00  INFO 19836 --- [FidDuniyaBE] [restartedMain] o.s.o.j.p.SpringPersistenceUnitInfo      : No LoadTimeWeaver setup: ignoring JPA class transformer
2025-06-12T13:57:03.178+05:00  INFO 19836 --- [FidDuniyaBE] [restartedMain] com.zaxxer.hikari.HikariDataSource       : HikariPool-1 - Starting...
2025-06-12T13:57:03.434+05:00  INFO 19836 --- [FidDuniyaBE] [restartedMain] com.zaxxer.hikari.pool.HikariPool        : HikariPool-1 - Added connection org.postgresql.jdbc.PgConnection@79cd54f0
2025-06-12T13:57:03.436+05:00  INFO 19836 --- [FidDuniyaBE] [restartedMain] com.zaxxer.hikari.HikariDataSource       : HikariPool-1 - Start completed.
2025-06-12T13:57:03.561+05:00  INFO 19836 --- [FidDuniyaBE] [restartedMain] org.hibernate.orm.connections.pooling    : HHH10001005: Database info:
	Database JDBC URL [Connecting through datasource 'HikariDataSource (HikariPool-1)']
	Database driver: undefined/unknown
	Database version: 17.5
	Autocommit mode: undefined/unknown
	Isolation level: undefined/unknown
	Minimum pool size: undefined/unknown
	Maximum pool size: undefined/unknown
2025-06-12T13:57:04.631+05:00  INFO 19836 --- [FidDuniyaBE] [restartedMain] o.h.e.t.j.p.i.JtaPlatformInitiator       : HHH000489: No JTA platform available (set 'hibernate.transaction.jta.platform' to enable JTA platform integration)
2025-06-12T13:57:04.739+05:00  INFO 19836 --- [FidDuniyaBE] [restartedMain] j.LocalContainerEntityManagerFactoryBean : Initialized JPA EntityManagerFactory for persistence unit 'default'
2025-06-12T13:57:05.273+05:00  WARN 19836 --- [FidDuniyaBE] [restartedMain] JpaBaseConfiguration$JpaWebConfiguration : spring.jpa.open-in-view is enabled by default. Therefore, database queries may be performed during view rendering. Explicitly configure spring.jpa.open-in-view to disable this warning
2025-06-12T13:57:05.462+05:00  WARN 19836 --- [FidDuniyaBE] [restartedMain] .s.s.UserDetailsServiceAutoConfiguration : 

Using generated security password: bd1a3fd5-9819-491e-bf04-29fa2c7bc300

This generated password is for development use only. Your security configuration must be updated before running your application in production.

2025-06-12T13:57:05.471+05:00  INFO 19836 --- [FidDuniyaBE] [restartedMain] r$InitializeUserDetailsManagerConfigurer : Global AuthenticationManager configured with UserDetailsService bean with name inMemoryUserDetailsManager
2025-06-12T13:57:06.251+05:00  INFO 19836 --- [FidDuniyaBE] [restartedMain] o.s.b.a.e.web.EndpointLinksResolver      : Exposing 1 endpoint beneath base path '/actuator'
2025-06-12T13:57:06.397+05:00  INFO 19836 --- [FidDuniyaBE] [restartedMain] o.s.v.b.OptionalValidatorFactoryBean     : Failed to set up a Bean Validation provider: jakarta.validation.NoProviderFoundException: Unable to create a Configuration, because no Jakarta Bean Validation provider could be found. Add a provider like Hibernate Validator (RI) to your classpath.
2025-06-12T13:57:06.975+05:00  INFO 19836 --- [FidDuniyaBE] [restartedMain] o.s.b.d.a.OptionalLiveReloadServer       : LiveReload server is running on port 35729
2025-06-12T13:57:07.058+05:00  INFO 19836 --- [FidDuniyaBE] [restartedMain] o.s.b.w.embedded.tomcat.TomcatWebServer  : Tomcat started on port 3001 (http) with context path '/'
2025-06-12T13:57:07.072+05:00  INFO 19836 --- [FidDuniyaBE] [restartedMain] o.i.fidduniyabe.FidDuniyaBeApplication   : Started FidDuniyaBeApplication in 7.884 seconds (process running for 14.088)
2025-06-12T13:57:07.808+05:00  INFO 19836 --- [FidDuniyaBE] [RMI TCP Connection(1)-192.168.56.1] o.a.c.c.C.[Tomcat].[localhost].[/]       : Initializing Spring DispatcherServlet 'dispatcherServlet'
2025-06-12T13:57:07.809+05:00  INFO 19836 --- [FidDuniyaBE] [RMI TCP Connection(1)-192.168.56.1] o.s.web.servlet.DispatcherServlet        : Initializing Servlet 'dispatcherServlet'
2025-06-12T13:57:07.815+05:00  INFO 19836 --- [FidDuniyaBE] [RMI TCP Connection(1)-192.168.56.1] o.s.web.servlet.DispatcherServlet        : Completed initialization in 5 ms
2025-06-12T13:58:17.678+05:00  INFO 19836 --- [FidDuniyaBE] [http-nio-3001-exec-6] o.i.f.controller.UsersController         : User has been created
2025-06-12T13:59:39.729+05:00  INFO 19836 --- [FidDuniyaBE] [http-nio-3001-exec-10] o.i.f.controller.UsersController         : Supplication type has been created
2025-06-12T14:03:29.349+05:00  INFO 19836 --- [FidDuniyaBE] [SpringApplicationShutdownHook] o.s.b.w.e.tomcat.GracefulShutdown        : Commencing graceful shutdown. Waiting for active requests to complete
2025-06-12T14:03:29.366+05:00  INFO 19836 --- [FidDuniyaBE] [tomcat-shutdown] o.s.b.w.e.tomcat.GracefulShutdown        : Graceful shutdown complete
2025-06-12T14:03:29.376+05:00  INFO 19836 --- [FidDuniyaBE] [SpringApplicationShutdownHook] j.LocalContainerEntityManagerFactoryBean : Closing JPA EntityManagerFactory for persistence unit 'default'
2025-06-12T14:03:29.382+05:00  INFO 19836 --- [FidDuniyaBE] [SpringApplicationShutdownHook] com.zaxxer.hikari.HikariDataSource       : HikariPool-1 - Shutdown initiated...
2025-06-12T14:03:29.386+05:00  INFO 19836 --- [FidDuniyaBE] [SpringApplicationShutdownHook] com.zaxxer.hikari.HikariDataSource       : HikariPool-1 - Shutdown completed.
2025-06-12T14:24:58.396+05:00  INFO 19712 --- [FidDuniyaBE] [restartedMain] o.i.fidduniyabe.FidDuniyaBeApplication   : Starting FidDuniyaBeApplication using Java 23 with PID 19712 (D:\Idea2Product\JavaSpringBoot\FidDuniyaBE\target\classes started by HP in D:\Idea2Product\JavaSpringBoot\FidDuniyaBE)
2025-06-12T14:24:58.399+05:00  INFO 19712 --- [FidDuniyaBE] [restartedMain] o.i.fidduniyabe.FidDuniyaBeApplication   : No active profile set, falling back to 1 default profile: "default"
2025-06-12T14:24:58.454+05:00  INFO 19712 --- [FidDuniyaBE] [restartedMain] .e.DevToolsPropertyDefaultsPostProcessor : Devtools property defaults active! Set 'spring.devtools.add-properties' to 'false' to disable
2025-06-12T14:24:58.454+05:00  INFO 19712 --- [FidDuniyaBE] [restartedMain] .e.DevToolsPropertyDefaultsPostProcessor : For additional web related logging consider setting the 'logging.level.web' property to 'DEBUG'
2025-06-12T14:24:59.780+05:00  INFO 19712 --- [FidDuniyaBE] [restartedMain] .s.d.r.c.RepositoryConfigurationDelegate : Bootstrapping Spring Data JPA repositories in DEFAULT mode.
2025-06-12T14:24:59.839+05:00  INFO 19712 --- [FidDuniyaBE] [restartedMain] .s.d.r.c.RepositoryConfigurationDelegate : Finished Spring Data repository scanning in 49 ms. Found 3 JPA repository interfaces.
2025-06-12T14:25:01.202+05:00  INFO 19712 --- [FidDuniyaBE] [restartedMain] o.s.b.w.embedded.tomcat.TomcatWebServer  : Tomcat initialized with port 3001 (http)
2025-06-12T14:25:01.218+05:00  INFO 19712 --- [FidDuniyaBE] [restartedMain] o.apache.catalina.core.StandardService   : Starting service [Tomcat]
2025-06-12T14:25:01.219+05:00  INFO 19712 --- [FidDuniyaBE] [restartedMain] o.apache.catalina.core.StandardEngine    : Starting Servlet engine: [Apache Tomcat/10.1.40]
2025-06-12T14:25:01.276+05:00  INFO 19712 --- [FidDuniyaBE] [restartedMain] o.a.c.c.C.[Tomcat].[localhost].[/]       : Initializing Spring embedded WebApplicationContext
2025-06-12T14:25:01.276+05:00  INFO 19712 --- [FidDuniyaBE] [restartedMain] w.s.c.ServletWebServerApplicationContext : Root WebApplicationContext: initialization completed in 2821 ms
2025-06-12T14:25:01.752+05:00  INFO 19712 --- [FidDuniyaBE] [restartedMain] o.hibernate.jpa.internal.util.LogHelper  : HHH000204: Processing PersistenceUnitInfo [name: default]
2025-06-12T14:25:01.842+05:00  INFO 19712 --- [FidDuniyaBE] [restartedMain] org.hibernate.Version                    : HHH000412: Hibernate ORM core version 6.6.13.Final
2025-06-12T14:25:01.892+05:00  INFO 19712 --- [FidDuniyaBE] [restartedMain] o.h.c.internal.RegionFactoryInitiator    : HHH000026: Second-level cache disabled
2025-06-12T14:25:02.315+05:00  INFO 19712 --- [FidDuniyaBE] [restartedMain] o.s.o.j.p.SpringPersistenceUnitInfo      : No LoadTimeWeaver setup: ignoring JPA class transformer
2025-06-12T14:25:02.362+05:00  INFO 19712 --- [FidDuniyaBE] [restartedMain] com.zaxxer.hikari.HikariDataSource       : HikariPool-1 - Starting...
2025-06-12T14:25:02.582+05:00  INFO 19712 --- [FidDuniyaBE] [restartedMain] com.zaxxer.hikari.pool.HikariPool        : HikariPool-1 - Added connection org.postgresql.jdbc.PgConnection@7f1477be
2025-06-12T14:25:02.586+05:00  INFO 19712 --- [FidDuniyaBE] [restartedMain] com.zaxxer.hikari.HikariDataSource       : HikariPool-1 - Start completed.
2025-06-12T14:25:02.761+05:00  INFO 19712 --- [FidDuniyaBE] [restartedMain] org.hibernate.orm.connections.pooling    : HHH10001005: Database info:
	Database JDBC URL [Connecting through datasource 'HikariDataSource (HikariPool-1)']
	Database driver: undefined/unknown
	Database version: 17.5
	Autocommit mode: undefined/unknown
	Isolation level: undefined/unknown
	Minimum pool size: undefined/unknown
	Maximum pool size: undefined/unknown
2025-06-12T14:25:04.090+05:00  INFO 19712 --- [FidDuniyaBE] [restartedMain] o.h.e.t.j.p.i.JtaPlatformInitiator       : HHH000489: No JTA platform available (set 'hibernate.transaction.jta.platform' to enable JTA platform integration)
2025-06-12T14:25:04.164+05:00  WARN 19712 --- [FidDuniyaBE] [restartedMain] o.h.t.s.i.ExceptionHandlerLoggedImpl     : GenerationTarget encountered exception accepting command : Error executing DDL "alter table if exists supplications add column type_id bigint not null" via JDBC [ERROR: column "type_id" of relation "supplications" contains null values]

org.hibernate.tool.schema.spi.CommandAcceptanceException: Error executing DDL "alter table if exists supplications add column type_id bigint not null" via JDBC [ERROR: column "type_id" of relation "supplications" contains null values]
	at org.hibernate.tool.schema.internal.exec.GenerationTargetToDatabase.accept(GenerationTargetToDatabase.java:94) ~[hibernate-core-6.6.13.Final.jar:6.6.13.Final]
	at org.hibernate.tool.schema.internal.AbstractSchemaMigrator.applySqlString(AbstractSchemaMigrator.java:576) ~[hibernate-core-6.6.13.Final.jar:6.6.13.Final]
	at org.hibernate.tool.schema.internal.AbstractSchemaMigrator.applySqlStrings(AbstractSchemaMigrator.java:516) ~[hibernate-core-6.6.13.Final.jar:6.6.13.Final]
	at org.hibernate.tool.schema.internal.AbstractSchemaMigrator.migrateTable(AbstractSchemaMigrator.java:334) ~[hibernate-core-6.6.13.Final.jar:6.6.13.Final]
	at org.hibernate.tool.schema.internal.GroupedSchemaMigratorImpl.performTablesMigration(GroupedSchemaMigratorImpl.java:84) ~[hibernate-core-6.6.13.Final.jar:6.6.13.Final]
	at org.hibernate.tool.schema.internal.AbstractSchemaMigrator.performMigration(AbstractSchemaMigrator.java:233) ~[hibernate-core-6.6.13.Final.jar:6.6.13.Final]
	at org.hibernate.tool.schema.internal.AbstractSchemaMigrator.doMigration(AbstractSchemaMigrator.java:112) ~[hibernate-core-6.6.13.Final.jar:6.6.13.Final]
	at org.hibernate.tool.schema.spi.SchemaManagementToolCoordinator.performDatabaseAction(SchemaManagementToolCoordinator.java:280) ~[hibernate-core-6.6.13.Final.jar:6.6.13.Final]
	at org.hibernate.tool.schema.spi.SchemaManagementToolCoordinator.lambda$process$5(SchemaManagementToolCoordinator.java:144) ~[hibernate-core-6.6.13.Final.jar:6.6.13.Final]
	at java.base/java.util.HashMap.forEach(HashMap.java:1430) ~[na:na]
	at org.hibernate.tool.schema.spi.SchemaManagementToolCoordinator.process(SchemaManagementToolCoordinator.java:141) ~[hibernate-core-6.6.13.Final.jar:6.6.13.Final]
	at org.hibernate.boot.internal.SessionFactoryObserverForSchemaExport.sessionFactoryCreated(SessionFactoryObserverForSchemaExport.java:37) ~[hibernate-core-6.6.13.Final.jar:6.6.13.Final]
	at org.hibernate.internal.SessionFactoryObserverChain.sessionFactoryCreated(SessionFactoryObserverChain.java:35) ~[hibernate-core-6.6.13.Final.jar:6.6.13.Final]
	at org.hibernate.internal.SessionFactoryImpl.<init>(SessionFactoryImpl.java:324) ~[hibernate-core-6.6.13.Final.jar:6.6.13.Final]
	at org.hibernate.boot.internal.SessionFactoryBuilderImpl.build(SessionFactoryBuilderImpl.java:463) ~[hibernate-core-6.6.13.Final.jar:6.6.13.Final]
	at org.hibernate.jpa.boot.internal.EntityManagerFactoryBuilderImpl.build(EntityManagerFactoryBuilderImpl.java:1517) ~[hibernate-core-6.6.13.Final.jar:6.6.13.Final]
	at org.springframework.orm.jpa.vendor.SpringHibernateJpaPersistenceProvider.createContainerEntityManagerFactory(SpringHibernateJpaPersistenceProvider.java:66) ~[spring-orm-6.2.6.jar:6.2.6]
	at org.springframework.orm.jpa.LocalContainerEntityManagerFactoryBean.createNativeEntityManagerFactory(LocalContainerEntityManagerFactoryBean.java:390) ~[spring-orm-6.2.6.jar:6.2.6]
	at org.springframework.orm.jpa.AbstractEntityManagerFactoryBean.buildNativeEntityManagerFactory(AbstractEntityManagerFactoryBean.java:419) ~[spring-orm-6.2.6.jar:6.2.6]
	at org.springframework.orm.jpa.AbstractEntityManagerFactoryBean.afterPropertiesSet(AbstractEntityManagerFactoryBean.java:400) ~[spring-orm-6.2.6.jar:6.2.6]
	at org.springframework.orm.jpa.LocalContainerEntityManagerFactoryBean.afterPropertiesSet(LocalContainerEntityManagerFactoryBean.java:366) ~[spring-orm-6.2.6.jar:6.2.6]
	at org.springframework.beans.factory.support.AbstractAutowireCapableBeanFactory.invokeInitMethods(AbstractAutowireCapableBeanFactory.java:1865) ~[spring-beans-6.2.6.jar:6.2.6]
	at org.springframework.beans.factory.support.AbstractAutowireCapableBeanFactory.initializeBean(AbstractAutowireCapableBeanFactory.java:1814) ~[spring-beans-6.2.6.jar:6.2.6]
	at org.springframework.beans.factory.support.AbstractAutowireCapableBeanFactory.doCreateBean(AbstractAutowireCapableBeanFactory.java:607) ~[spring-beans-6.2.6.jar:6.2.6]
	at org.springframework.beans.factory.support.AbstractAutowireCapableBeanFactory.createBean(AbstractAutowireCapableBeanFactory.java:529) ~[spring-beans-6.2.6.jar:6.2.6]
	at org.springframework.beans.factory.support.AbstractBeanFactory.lambda$doGetBean$0(AbstractBeanFactory.java:339) ~[spring-beans-6.2.6.jar:6.2.6]
	at org.springframework.beans.factory.support.DefaultSingletonBeanRegistry.getSingleton(DefaultSingletonBeanRegistry.java:371) ~[spring-beans-6.2.6.jar:6.2.6]
	at org.springframework.beans.factory.support.AbstractBeanFactory.doGetBean(AbstractBeanFactory.java:337) ~[spring-beans-6.2.6.jar:6.2.6]
	at org.springframework.beans.factory.support.AbstractBeanFactory.getBean(AbstractBeanFactory.java:207) ~[spring-beans-6.2.6.jar:6.2.6]
	at org.springframework.context.support.AbstractApplicationContext.finishBeanFactoryInitialization(AbstractApplicationContext.java:970) ~[spring-context-6.2.6.jar:6.2.6]
	at org.springframework.context.support.AbstractApplicationContext.refresh(AbstractApplicationContext.java:627) ~[spring-context-6.2.6.jar:6.2.6]
	at org.springframework.boot.web.servlet.context.ServletWebServerApplicationContext.refresh(ServletWebServerApplicationContext.java:146) ~[spring-boot-3.4.5.jar:3.4.5]
	at org.springframework.boot.SpringApplication.refresh(SpringApplication.java:753) ~[spring-boot-3.4.5.jar:3.4.5]
	at org.springframework.boot.SpringApplication.refreshContext(SpringApplication.java:439) ~[spring-boot-3.4.5.jar:3.4.5]
	at org.springframework.boot.SpringApplication.run(SpringApplication.java:318) ~[spring-boot-3.4.5.jar:3.4.5]
	at org.springframework.boot.SpringApplication.run(SpringApplication.java:1362) ~[spring-boot-3.4.5.jar:3.4.5]
	at org.springframework.boot.SpringApplication.run(SpringApplication.java:1351) ~[spring-boot-3.4.5.jar:3.4.5]
	at org.i2p.fidduniyabe.FidDuniyaBeApplication.main(FidDuniyaBeApplication.java:10) ~[classes/:na]
	at java.base/jdk.internal.reflect.DirectMethodHandleAccessor.invoke(DirectMethodHandleAccessor.java:103) ~[na:na]
	at java.base/java.lang.reflect.Method.invoke(Method.java:580) ~[na:na]
	at org.springframework.boot.devtools.restart.RestartLauncher.run(RestartLauncher.java:50) ~[spring-boot-devtools-3.4.5.jar:3.4.5]
Caused by: org.postgresql.util.PSQLException: ERROR: column "type_id" of relation "supplications" contains null values
	at org.postgresql.core.v3.QueryExecutorImpl.receiveErrorResponse(QueryExecutorImpl.java:2733) ~[postgresql-42.7.5.jar:42.7.5]
	at org.postgresql.core.v3.QueryExecutorImpl.processResults(QueryExecutorImpl.java:2420) ~[postgresql-42.7.5.jar:42.7.5]
	at org.postgresql.core.v3.QueryExecutorImpl.execute(QueryExecutorImpl.java:372) ~[postgresql-42.7.5.jar:42.7.5]
	at org.postgresql.jdbc.PgStatement.executeInternal(PgStatement.java:517) ~[postgresql-42.7.5.jar:42.7.5]
	at org.postgresql.jdbc.PgStatement.execute(PgStatement.java:434) ~[postgresql-42.7.5.jar:42.7.5]
	at org.postgresql.jdbc.PgStatement.executeWithFlags(PgStatement.java:356) ~[postgresql-42.7.5.jar:42.7.5]
	at org.postgresql.jdbc.PgStatement.executeCachedSql(PgStatement.java:341) ~[postgresql-42.7.5.jar:42.7.5]
	at org.postgresql.jdbc.PgStatement.executeWithFlags(PgStatement.java:317) ~[postgresql-42.7.5.jar:42.7.5]
	at org.postgresql.jdbc.PgStatement.execute(PgStatement.java:312) ~[postgresql-42.7.5.jar:42.7.5]
	at com.zaxxer.hikari.pool.ProxyStatement.execute(ProxyStatement.java:94) ~[HikariCP-5.1.0.jar:na]
	at com.zaxxer.hikari.pool.HikariProxyStatement.execute(HikariProxyStatement.java) ~[HikariCP-5.1.0.jar:na]
	at org.hibernate.tool.schema.internal.exec.GenerationTargetToDatabase.accept(GenerationTargetToDatabase.java:80) ~[hibernate-core-6.6.13.Final.jar:6.6.13.Final]
	... 40 common frames omitted

2025-06-12T14:25:04.272+05:00  WARN 19712 --- [FidDuniyaBE] [restartedMain] o.h.t.s.i.ExceptionHandlerLoggedImpl     : GenerationTarget encountered exception accepting command : Error executing DDL "alter table if exists supplications add constraint FK8m9f66x93dsut74msnpe92o43 foreign key (type_id) references supplication_type" via JDBC [ERROR: column "type_id" referenced in foreign key constraint does not exist]

org.hibernate.tool.schema.spi.CommandAcceptanceException: Error executing DDL "alter table if exists supplications add constraint FK8m9f66x93dsut74msnpe92o43 foreign key (type_id) references supplication_type" via JDBC [ERROR: column "type_id" referenced in foreign key constraint does not exist]
	at org.hibernate.tool.schema.internal.exec.GenerationTargetToDatabase.accept(GenerationTargetToDatabase.java:94) ~[hibernate-core-6.6.13.Final.jar:6.6.13.Final]
	at org.hibernate.tool.schema.internal.AbstractSchemaMigrator.applySqlString(AbstractSchemaMigrator.java:576) ~[hibernate-core-6.6.13.Final.jar:6.6.13.Final]
	at org.hibernate.tool.schema.internal.AbstractSchemaMigrator.applySqlStrings(AbstractSchemaMigrator.java:516) ~[hibernate-core-6.6.13.Final.jar:6.6.13.Final]
	at org.hibernate.tool.schema.internal.AbstractSchemaMigrator.applyForeignKeys(AbstractSchemaMigrator.java:448) ~[hibernate-core-6.6.13.Final.jar:6.6.13.Final]
	at org.hibernate.tool.schema.internal.AbstractSchemaMigrator.performMigration(AbstractSchemaMigrator.java:269) ~[hibernate-core-6.6.13.Final.jar:6.6.13.Final]
	at org.hibernate.tool.schema.internal.AbstractSchemaMigrator.doMigration(AbstractSchemaMigrator.java:112) ~[hibernate-core-6.6.13.Final.jar:6.6.13.Final]
	at org.hibernate.tool.schema.spi.SchemaManagementToolCoordinator.performDatabaseAction(SchemaManagementToolCoordinator.java:280) ~[hibernate-core-6.6.13.Final.jar:6.6.13.Final]
	at org.hibernate.tool.schema.spi.SchemaManagementToolCoordinator.lambda$process$5(SchemaManagementToolCoordinator.java:144) ~[hibernate-core-6.6.13.Final.jar:6.6.13.Final]
	at java.base/java.util.HashMap.forEach(HashMap.java:1430) ~[na:na]
	at org.hibernate.tool.schema.spi.SchemaManagementToolCoordinator.process(SchemaManagementToolCoordinator.java:141) ~[hibernate-core-6.6.13.Final.jar:6.6.13.Final]
	at org.hibernate.boot.internal.SessionFactoryObserverForSchemaExport.sessionFactoryCreated(SessionFactoryObserverForSchemaExport.java:37) ~[hibernate-core-6.6.13.Final.jar:6.6.13.Final]
	at org.hibernate.internal.SessionFactoryObserverChain.sessionFactoryCreated(SessionFactoryObserverChain.java:35) ~[hibernate-core-6.6.13.Final.jar:6.6.13.Final]
	at org.hibernate.internal.SessionFactoryImpl.<init>(SessionFactoryImpl.java:324) ~[hibernate-core-6.6.13.Final.jar:6.6.13.Final]
	at org.hibernate.boot.internal.SessionFactoryBuilderImpl.build(SessionFactoryBuilderImpl.java:463) ~[hibernate-core-6.6.13.Final.jar:6.6.13.Final]
	at org.hibernate.jpa.boot.internal.EntityManagerFactoryBuilderImpl.build(EntityManagerFactoryBuilderImpl.java:1517) ~[hibernate-core-6.6.13.Final.jar:6.6.13.Final]
	at org.springframework.orm.jpa.vendor.SpringHibernateJpaPersistenceProvider.createContainerEntityManagerFactory(SpringHibernateJpaPersistenceProvider.java:66) ~[spring-orm-6.2.6.jar:6.2.6]
	at org.springframework.orm.jpa.LocalContainerEntityManagerFactoryBean.createNativeEntityManagerFactory(LocalContainerEntityManagerFactoryBean.java:390) ~[spring-orm-6.2.6.jar:6.2.6]
	at org.springframework.orm.jpa.AbstractEntityManagerFactoryBean.buildNativeEntityManagerFactory(AbstractEntityManagerFactoryBean.java:419) ~[spring-orm-6.2.6.jar:6.2.6]
	at org.springframework.orm.jpa.AbstractEntityManagerFactoryBean.afterPropertiesSet(AbstractEntityManagerFactoryBean.java:400) ~[spring-orm-6.2.6.jar:6.2.6]
	at org.springframework.orm.jpa.LocalContainerEntityManagerFactoryBean.afterPropertiesSet(LocalContainerEntityManagerFactoryBean.java:366) ~[spring-orm-6.2.6.jar:6.2.6]
	at org.springframework.beans.factory.support.AbstractAutowireCapableBeanFactory.invokeInitMethods(AbstractAutowireCapableBeanFactory.java:1865) ~[spring-beans-6.2.6.jar:6.2.6]
	at org.springframework.beans.factory.support.AbstractAutowireCapableBeanFactory.initializeBean(AbstractAutowireCapableBeanFactory.java:1814) ~[spring-beans-6.2.6.jar:6.2.6]
	at org.springframework.beans.factory.support.AbstractAutowireCapableBeanFactory.doCreateBean(AbstractAutowireCapableBeanFactory.java:607) ~[spring-beans-6.2.6.jar:6.2.6]
	at org.springframework.beans.factory.support.AbstractAutowireCapableBeanFactory.createBean(AbstractAutowireCapableBeanFactory.java:529) ~[spring-beans-6.2.6.jar:6.2.6]
	at org.springframework.beans.factory.support.AbstractBeanFactory.lambda$doGetBean$0(AbstractBeanFactory.java:339) ~[spring-beans-6.2.6.jar:6.2.6]
	at org.springframework.beans.factory.support.DefaultSingletonBeanRegistry.getSingleton(DefaultSingletonBeanRegistry.java:371) ~[spring-beans-6.2.6.jar:6.2.6]
	at org.springframework.beans.factory.support.AbstractBeanFactory.doGetBean(AbstractBeanFactory.java:337) ~[spring-beans-6.2.6.jar:6.2.6]
	at org.springframework.beans.factory.support.AbstractBeanFactory.getBean(AbstractBeanFactory.java:207) ~[spring-beans-6.2.6.jar:6.2.6]
	at org.springframework.context.support.AbstractApplicationContext.finishBeanFactoryInitialization(AbstractApplicationContext.java:970) ~[spring-context-6.2.6.jar:6.2.6]
	at org.springframework.context.support.AbstractApplicationContext.refresh(AbstractApplicationContext.java:627) ~[spring-context-6.2.6.jar:6.2.6]
	at org.springframework.boot.web.servlet.context.ServletWebServerApplicationContext.refresh(ServletWebServerApplicationContext.java:146) ~[spring-boot-3.4.5.jar:3.4.5]
	at org.springframework.boot.SpringApplication.refresh(SpringApplication.java:753) ~[spring-boot-3.4.5.jar:3.4.5]
	at org.springframework.boot.SpringApplication.refreshContext(SpringApplication.java:439) ~[spring-boot-3.4.5.jar:3.4.5]
	at org.springframework.boot.SpringApplication.run(SpringApplication.java:318) ~[spring-boot-3.4.5.jar:3.4.5]
	at org.springframework.boot.SpringApplication.run(SpringApplication.java:1362) ~[spring-boot-3.4.5.jar:3.4.5]
	at org.springframework.boot.SpringApplication.run(SpringApplication.java:1351) ~[spring-boot-3.4.5.jar:3.4.5]
	at org.i2p.fidduniyabe.FidDuniyaBeApplication.main(FidDuniyaBeApplication.java:10) ~[classes/:na]
	at java.base/jdk.internal.reflect.DirectMethodHandleAccessor.invoke(DirectMethodHandleAccessor.java:103) ~[na:na]
	at java.base/java.lang.reflect.Method.invoke(Method.java:580) ~[na:na]
	at org.springframework.boot.devtools.restart.RestartLauncher.run(RestartLauncher.java:50) ~[spring-boot-devtools-3.4.5.jar:3.4.5]
Caused by: org.postgresql.util.PSQLException: ERROR: column "type_id" referenced in foreign key constraint does not exist
	at org.postgresql.core.v3.QueryExecutorImpl.receiveErrorResponse(QueryExecutorImpl.java:2733) ~[postgresql-42.7.5.jar:42.7.5]
	at org.postgresql.core.v3.QueryExecutorImpl.processResults(QueryExecutorImpl.java:2420) ~[postgresql-42.7.5.jar:42.7.5]
	at org.postgresql.core.v3.QueryExecutorImpl.execute(QueryExecutorImpl.java:372) ~[postgresql-42.7.5.jar:42.7.5]
	at org.postgresql.jdbc.PgStatement.executeInternal(PgStatement.java:517) ~[postgresql-42.7.5.jar:42.7.5]
	at org.postgresql.jdbc.PgStatement.execute(PgStatement.java:434) ~[postgresql-42.7.5.jar:42.7.5]
	at org.postgresql.jdbc.PgStatement.executeWithFlags(PgStatement.java:356) ~[postgresql-42.7.5.jar:42.7.5]
	at org.postgresql.jdbc.PgStatement.executeCachedSql(PgStatement.java:341) ~[postgresql-42.7.5.jar:42.7.5]
	at org.postgresql.jdbc.PgStatement.executeWithFlags(PgStatement.java:317) ~[postgresql-42.7.5.jar:42.7.5]
	at org.postgresql.jdbc.PgStatement.execute(PgStatement.java:312) ~[postgresql-42.7.5.jar:42.7.5]
	at com.zaxxer.hikari.pool.ProxyStatement.execute(ProxyStatement.java:94) ~[HikariCP-5.1.0.jar:na]
	at com.zaxxer.hikari.pool.HikariProxyStatement.execute(HikariProxyStatement.java) ~[HikariCP-5.1.0.jar:na]
	at org.hibernate.tool.schema.internal.exec.GenerationTargetToDatabase.accept(GenerationTargetToDatabase.java:80) ~[hibernate-core-6.6.13.Final.jar:6.6.13.Final]
	... 39 common frames omitted

2025-06-12T14:25:04.277+05:00  INFO 19712 --- [FidDuniyaBE] [restartedMain] j.LocalContainerEntityManagerFactoryBean : Initialized JPA EntityManagerFactory for persistence unit 'default'
2025-06-12T14:25:04.962+05:00  WARN 19712 --- [FidDuniyaBE] [restartedMain] JpaBaseConfiguration$JpaWebConfiguration : spring.jpa.open-in-view is enabled by default. Therefore, database queries may be performed during view rendering. Explicitly configure spring.jpa.open-in-view to disable this warning
2025-06-12T14:25:05.140+05:00  WARN 19712 --- [FidDuniyaBE] [restartedMain] .s.s.UserDetailsServiceAutoConfiguration : 

Using generated security password: 9181531d-6e2f-4666-8014-e04644a3a758

This generated password is for development use only. Your security configuration must be updated before running your application in production.

2025-06-12T14:25:05.149+05:00  INFO 19712 --- [FidDuniyaBE] [restartedMain] r$InitializeUserDetailsManagerConfigurer : Global AuthenticationManager configured with UserDetailsService bean with name inMemoryUserDetailsManager
2025-06-12T14:25:05.999+05:00  INFO 19712 --- [FidDuniyaBE] [restartedMain] o.s.b.a.e.web.EndpointLinksResolver      : Exposing 1 endpoint beneath base path '/actuator'
2025-06-12T14:25:06.171+05:00  INFO 19712 --- [FidDuniyaBE] [restartedMain] o.s.v.b.OptionalValidatorFactoryBean     : Failed to set up a Bean Validation provider: jakarta.validation.NoProviderFoundException: Unable to create a Configuration, because no Jakarta Bean Validation provider could be found. Add a provider like Hibernate Validator (RI) to your classpath.
2025-06-12T14:25:06.723+05:00  INFO 19712 --- [FidDuniyaBE] [restartedMain] o.s.b.d.a.OptionalLiveReloadServer       : LiveReload server is running on port 35729
2025-06-12T14:25:06.820+05:00  INFO 19712 --- [FidDuniyaBE] [restartedMain] o.s.b.w.embedded.tomcat.TomcatWebServer  : Tomcat started on port 3001 (http) with context path '/'
2025-06-12T14:25:06.834+05:00  INFO 19712 --- [FidDuniyaBE] [restartedMain] o.i.fidduniyabe.FidDuniyaBeApplication   : Started FidDuniyaBeApplication in 8.937 seconds (process running for 9.916)
2025-06-12T14:25:07.195+05:00  INFO 19712 --- [FidDuniyaBE] [RMI TCP Connection(4)-192.168.56.1] o.a.c.c.C.[Tomcat].[localhost].[/]       : Initializing Spring DispatcherServlet 'dispatcherServlet'
2025-06-12T14:25:07.196+05:00  INFO 19712 --- [FidDuniyaBE] [RMI TCP Connection(4)-192.168.56.1] o.s.web.servlet.DispatcherServlet        : Initializing Servlet 'dispatcherServlet'
2025-06-12T14:25:07.200+05:00  INFO 19712 --- [FidDuniyaBE] [RMI TCP Connection(4)-192.168.56.1] o.s.web.servlet.DispatcherServlet        : Completed initialization in 4 ms
2025-06-12T14:25:26.927+05:00  INFO 19712 --- [FidDuniyaBE] [SpringApplicationShutdownHook] o.s.b.w.e.tomcat.GracefulShutdown        : Commencing graceful shutdown. Waiting for active requests to complete
2025-06-12T14:25:26.948+05:00  INFO 19712 --- [FidDuniyaBE] [tomcat-shutdown] o.s.b.w.e.tomcat.GracefulShutdown        : Graceful shutdown complete
2025-06-12T14:25:26.958+05:00  INFO 19712 --- [FidDuniyaBE] [SpringApplicationShutdownHook] j.LocalContainerEntityManagerFactoryBean : Closing JPA EntityManagerFactory for persistence unit 'default'
2025-06-12T14:25:26.962+05:00  INFO 19712 --- [FidDuniyaBE] [SpringApplicationShutdownHook] com.zaxxer.hikari.HikariDataSource       : HikariPool-1 - Shutdown initiated...
2025-06-12T14:25:26.968+05:00  INFO 19712 --- [FidDuniyaBE] [SpringApplicationShutdownHook] com.zaxxer.hikari.HikariDataSource       : HikariPool-1 - Shutdown completed.
2025-06-12T14:25:55.654+05:00  INFO 14356 --- [FidDuniyaBE] [restartedMain] o.i.fidduniyabe.FidDuniyaBeApplication   : Starting FidDuniyaBeApplication using Java 23 with PID 14356 (D:\Idea2Product\JavaSpringBoot\FidDuniyaBE\target\classes started by HP in D:\Idea2Product\JavaSpringBoot\FidDuniyaBE)
2025-06-12T14:25:55.656+05:00  INFO 14356 --- [FidDuniyaBE] [restartedMain] o.i.fidduniyabe.FidDuniyaBeApplication   : No active profile set, falling back to 1 default profile: "default"
2025-06-12T14:25:55.735+05:00  INFO 14356 --- [FidDuniyaBE] [restartedMain] .e.DevToolsPropertyDefaultsPostProcessor : Devtools property defaults active! Set 'spring.devtools.add-properties' to 'false' to disable
2025-06-12T14:25:55.736+05:00  INFO 14356 --- [FidDuniyaBE] [restartedMain] .e.DevToolsPropertyDefaultsPostProcessor : For additional web related logging consider setting the 'logging.level.web' property to 'DEBUG'
2025-06-12T14:25:56.968+05:00  INFO 14356 --- [FidDuniyaBE] [restartedMain] .s.d.r.c.RepositoryConfigurationDelegate : Bootstrapping Spring Data JPA repositories in DEFAULT mode.
2025-06-12T14:25:57.020+05:00  INFO 14356 --- [FidDuniyaBE] [restartedMain] .s.d.r.c.RepositoryConfigurationDelegate : Finished Spring Data repository scanning in 43 ms. Found 3 JPA repository interfaces.
2025-06-12T14:25:57.895+05:00  INFO 14356 --- [FidDuniyaBE] [restartedMain] o.s.b.w.embedded.tomcat.TomcatWebServer  : Tomcat initialized with port 3001 (http)
2025-06-12T14:25:57.908+05:00  INFO 14356 --- [FidDuniyaBE] [restartedMain] o.apache.catalina.core.StandardService   : Starting service [Tomcat]
2025-06-12T14:25:57.909+05:00  INFO 14356 --- [FidDuniyaBE] [restartedMain] o.apache.catalina.core.StandardEngine    : Starting Servlet engine: [Apache Tomcat/10.1.40]
2025-06-12T14:25:57.965+05:00  INFO 14356 --- [FidDuniyaBE] [restartedMain] o.a.c.c.C.[Tomcat].[localhost].[/]       : Initializing Spring embedded WebApplicationContext
2025-06-12T14:25:57.966+05:00  INFO 14356 --- [FidDuniyaBE] [restartedMain] w.s.c.ServletWebServerApplicationContext : Root WebApplicationContext: initialization completed in 2229 ms
2025-06-12T14:25:58.524+05:00  INFO 14356 --- [FidDuniyaBE] [restartedMain] o.hibernate.jpa.internal.util.LogHelper  : HHH000204: Processing PersistenceUnitInfo [name: default]
2025-06-12T14:25:58.568+05:00  INFO 14356 --- [FidDuniyaBE] [restartedMain] org.hibernate.Version                    : HHH000412: Hibernate ORM core version 6.6.13.Final
2025-06-12T14:25:58.598+05:00  INFO 14356 --- [FidDuniyaBE] [restartedMain] o.h.c.internal.RegionFactoryInitiator    : HHH000026: Second-level cache disabled
2025-06-12T14:25:58.968+05:00  INFO 14356 --- [FidDuniyaBE] [restartedMain] o.s.o.j.p.SpringPersistenceUnitInfo      : No LoadTimeWeaver setup: ignoring JPA class transformer
2025-06-12T14:25:59.006+05:00  INFO 14356 --- [FidDuniyaBE] [restartedMain] com.zaxxer.hikari.HikariDataSource       : HikariPool-1 - Starting...
2025-06-12T14:25:59.221+05:00  INFO 14356 --- [FidDuniyaBE] [restartedMain] com.zaxxer.hikari.pool.HikariPool        : HikariPool-1 - Added connection org.postgresql.jdbc.PgConnection@6a9ce73c
2025-06-12T14:25:59.226+05:00  INFO 14356 --- [FidDuniyaBE] [restartedMain] com.zaxxer.hikari.HikariDataSource       : HikariPool-1 - Start completed.
2025-06-12T14:25:59.379+05:00  INFO 14356 --- [FidDuniyaBE] [restartedMain] org.hibernate.orm.connections.pooling    : HHH10001005: Database info:
	Database JDBC URL [Connecting through datasource 'HikariDataSource (HikariPool-1)']
	Database driver: undefined/unknown
	Database version: 17.5
	Autocommit mode: undefined/unknown
	Isolation level: undefined/unknown
	Minimum pool size: undefined/unknown
	Maximum pool size: undefined/unknown
2025-06-12T14:26:00.790+05:00  INFO 14356 --- [FidDuniyaBE] [restartedMain] o.h.e.t.j.p.i.JtaPlatformInitiator       : HHH000489: No JTA platform available (set 'hibernate.transaction.jta.platform' to enable JTA platform integration)
2025-06-12T14:26:00.891+05:00  WARN 14356 --- [FidDuniyaBE] [restartedMain] o.h.engine.jdbc.spi.SqlExceptionHelper   : SQL Warning Code: 0, SQLState: 00000
2025-06-12T14:26:00.892+05:00  WARN 14356 --- [FidDuniyaBE] [restartedMain] o.h.engine.jdbc.spi.SqlExceptionHelper   : constraint "uk391pkm9lwcc06104spuoq198u" of relation "supplications" does not exist, skipping
2025-06-12T14:26:00.896+05:00  WARN 14356 --- [FidDuniyaBE] [restartedMain] o.h.engine.jdbc.spi.SqlExceptionHelper   : SQL Warning Code: 0, SQLState: 00000
2025-06-12T14:26:00.896+05:00  WARN 14356 --- [FidDuniyaBE] [restartedMain] o.h.engine.jdbc.spi.SqlExceptionHelper   : constraint "ukrc8aqmqgj9iub6hlbsab4x4ew" of relation "supplications" does not exist, skipping
2025-06-12T14:26:00.901+05:00  WARN 14356 --- [FidDuniyaBE] [restartedMain] o.h.engine.jdbc.spi.SqlExceptionHelper   : SQL Warning Code: 0, SQLState: 00000
2025-06-12T14:26:00.901+05:00  WARN 14356 --- [FidDuniyaBE] [restartedMain] o.h.engine.jdbc.spi.SqlExceptionHelper   : constraint "ukcloxgsp0qheoiawnsm5651w1x" of relation "supplications" does not exist, skipping
2025-06-12T14:26:00.915+05:00  INFO 14356 --- [FidDuniyaBE] [restartedMain] j.LocalContainerEntityManagerFactoryBean : Initialized JPA EntityManagerFactory for persistence unit 'default'
2025-06-12T14:26:01.659+05:00  WARN 14356 --- [FidDuniyaBE] [restartedMain] JpaBaseConfiguration$JpaWebConfiguration : spring.jpa.open-in-view is enabled by default. Therefore, database queries may be performed during view rendering. Explicitly configure spring.jpa.open-in-view to disable this warning
2025-06-12T14:26:01.881+05:00  WARN 14356 --- [FidDuniyaBE] [restartedMain] .s.s.UserDetailsServiceAutoConfiguration : 

Using generated security password: 416eda9b-fdab-4b55-a32a-db3fce3d4892

This generated password is for development use only. Your security configuration must be updated before running your application in production.

2025-06-12T14:26:01.891+05:00  INFO 14356 --- [FidDuniyaBE] [restartedMain] r$InitializeUserDetailsManagerConfigurer : Global AuthenticationManager configured with UserDetailsService bean with name inMemoryUserDetailsManager
2025-06-12T14:26:02.870+05:00  INFO 14356 --- [FidDuniyaBE] [restartedMain] o.s.b.a.e.web.EndpointLinksResolver      : Exposing 1 endpoint beneath base path '/actuator'
2025-06-12T14:26:03.064+05:00  INFO 14356 --- [FidDuniyaBE] [restartedMain] o.s.v.b.OptionalValidatorFactoryBean     : Failed to set up a Bean Validation provider: jakarta.validation.NoProviderFoundException: Unable to create a Configuration, because no Jakarta Bean Validation provider could be found. Add a provider like Hibernate Validator (RI) to your classpath.
2025-06-12T14:26:03.730+05:00  INFO 14356 --- [FidDuniyaBE] [restartedMain] o.s.b.d.a.OptionalLiveReloadServer       : LiveReload server is running on port 35729
2025-06-12T14:26:03.824+05:00  INFO 14356 --- [FidDuniyaBE] [restartedMain] o.s.b.w.embedded.tomcat.TomcatWebServer  : Tomcat started on port 3001 (http) with context path '/'
2025-06-12T14:26:03.855+05:00  INFO 14356 --- [FidDuniyaBE] [restartedMain] o.i.fidduniyabe.FidDuniyaBeApplication   : Started FidDuniyaBeApplication in 8.717 seconds (process running for 11.562)
2025-06-12T14:26:04.213+05:00  INFO 14356 --- [FidDuniyaBE] [RMI TCP Connection(3)-192.168.56.1] o.a.c.c.C.[Tomcat].[localhost].[/]       : Initializing Spring DispatcherServlet 'dispatcherServlet'
2025-06-12T14:26:04.218+05:00  INFO 14356 --- [FidDuniyaBE] [RMI TCP Connection(3)-192.168.56.1] o.s.web.servlet.DispatcherServlet        : Initializing Servlet 'dispatcherServlet'
2025-06-12T14:26:04.225+05:00  INFO 14356 --- [FidDuniyaBE] [RMI TCP Connection(3)-192.168.56.1] o.s.web.servlet.DispatcherServlet        : Completed initialization in 6 ms
2025-06-12T14:27:22.472+05:00  INFO 14356 --- [FidDuniyaBE] [http-nio-3001-exec-1] o.i.f.controller.UsersController         : supplication type list has been returned
2025-06-12T14:27:37.813+05:00  INFO 14356 --- [FidDuniyaBE] [http-nio-3001-exec-3] o.i.f.c.SupplicationsController          : Supplication added successfully with ID: 1
2025-06-12T14:29:02.868+05:00  WARN 14356 --- [FidDuniyaBE] [http-nio-3001-exec-7] o.h.engine.jdbc.spi.SqlExceptionHelper   : SQL Error: 0, SQLState: 23503
2025-06-12T14:29:02.869+05:00 ERROR 14356 --- [FidDuniyaBE] [http-nio-3001-exec-7] o.h.engine.jdbc.spi.SqlExceptionHelper   : ERROR: insert or update on table "supplications" violates foreign key constraint "fk8m9f66x93dsut74msnpe92o43"
  Detail: Key (type_id)=(21) is not present in table "supplication_type".
2025-06-12T14:29:02.898+05:00  WARN 14356 --- [FidDuniyaBE] [http-nio-3001-exec-7] .m.m.a.ExceptionHandlerExceptionResolver : Resolved [org.springframework.dao.DataIntegrityViolationException: could not execute statement [ERROR: insert or update on table "supplications" violates foreign key constraint "fk8m9f66x93dsut74msnpe92o43"<EOL>  Detail: Key (type_id)=(21) is not present in table "supplication_type".] [insert into supplications (arabic,created_at,english,heading,heading_roman,is_active,num_of_duas,num_sub_categories,ref_chapter,ref_text,ref_type,roman,sub_heading,sup_id_in_csv,type_id,total_count,updated_at) values (?,?,?,?,?,?,?,?,?,?,?,?,?,?,?,?,?)]; SQL [insert into supplications (arabic,created_at,english,heading,heading_roman,is_active,num_of_duas,num_sub_categories,ref_chapter,ref_text,ref_type,roman,sub_heading,sup_id_in_csv,type_id,total_count,updated_at) values (?,?,?,?,?,?,?,?,?,?,?,?,?,?,?,?,?)]; constraint [fk8m9f66x93dsut74msnpe92o43]]
2025-06-12T14:29:09.339+05:00  INFO 14356 --- [FidDuniyaBE] [http-nio-3001-exec-6] o.i.f.c.SupplicationsController          : Supplication added successfully with ID: 3
2025-06-12T14:36:09.635+05:00  INFO 14356 --- [FidDuniyaBE] [SpringApplicationShutdownHook] o.s.b.w.e.tomcat.GracefulShutdown        : Commencing graceful shutdown. Waiting for active requests to complete
2025-06-12T14:36:09.654+05:00  INFO 14356 --- [FidDuniyaBE] [tomcat-shutdown] o.s.b.w.e.tomcat.GracefulShutdown        : Graceful shutdown complete
2025-06-12T14:36:09.663+05:00  INFO 14356 --- [FidDuniyaBE] [SpringApplicationShutdownHook] j.LocalContainerEntityManagerFactoryBean : Closing JPA EntityManagerFactory for persistence unit 'default'
2025-06-12T14:36:09.666+05:00  INFO 14356 --- [FidDuniyaBE] [SpringApplicationShutdownHook] com.zaxxer.hikari.HikariDataSource       : HikariPool-1 - Shutdown initiated...
2025-06-12T14:36:09.669+05:00  INFO 14356 --- [FidDuniyaBE] [SpringApplicationShutdownHook] com.zaxxer.hikari.HikariDataSource       : HikariPool-1 - Shutdown completed.
2025-06-12T14:38:58.636+05:00  INFO 10628 --- [FidDuniyaBE] [restartedMain] o.i.fidduniyabe.FidDuniyaBeApplication   : Starting FidDuniyaBeApplication using Java 23 with PID 10628 (D:\Idea2Product\JavaSpringBoot\FidDuniyaBE\target\classes started by HP in D:\Idea2Product\JavaSpringBoot\FidDuniyaBE)
2025-06-12T14:38:58.641+05:00  INFO 10628 --- [FidDuniyaBE] [restartedMain] o.i.fidduniyabe.FidDuniyaBeApplication   : No active profile set, falling back to 1 default profile: "default"
2025-06-12T14:38:58.818+05:00  INFO 10628 --- [FidDuniyaBE] [restartedMain] .e.DevToolsPropertyDefaultsPostProcessor : Devtools property defaults active! Set 'spring.devtools.add-properties' to 'false' to disable
2025-06-12T14:38:58.819+05:00  INFO 10628 --- [FidDuniyaBE] [restartedMain] .e.DevToolsPropertyDefaultsPostProcessor : For additional web related logging consider setting the 'logging.level.web' property to 'DEBUG'
2025-06-12T14:39:01.300+05:00  INFO 10628 --- [FidDuniyaBE] [restartedMain] .s.d.r.c.RepositoryConfigurationDelegate : Bootstrapping Spring Data JPA repositories in DEFAULT mode.
2025-06-12T14:39:01.376+05:00  INFO 10628 --- [FidDuniyaBE] [restartedMain] .s.d.r.c.RepositoryConfigurationDelegate : Finished Spring Data repository scanning in 61 ms. Found 3 JPA repository interfaces.
2025-06-12T14:39:03.045+05:00  INFO 10628 --- [FidDuniyaBE] [restartedMain] o.s.b.w.embedded.tomcat.TomcatWebServer  : Tomcat initialized with port 3001 (http)
2025-06-12T14:39:03.061+05:00  INFO 10628 --- [FidDuniyaBE] [restartedMain] o.apache.catalina.core.StandardService   : Starting service [Tomcat]
2025-06-12T14:39:03.062+05:00  INFO 10628 --- [FidDuniyaBE] [restartedMain] o.apache.catalina.core.StandardEngine    : Starting Servlet engine: [Apache Tomcat/10.1.40]
2025-06-12T14:39:03.125+05:00  INFO 10628 --- [FidDuniyaBE] [restartedMain] o.a.c.c.C.[Tomcat].[localhost].[/]       : Initializing Spring embedded WebApplicationContext
2025-06-12T14:39:03.126+05:00  INFO 10628 --- [FidDuniyaBE] [restartedMain] w.s.c.ServletWebServerApplicationContext : Root WebApplicationContext: initialization completed in 4304 ms
2025-06-12T14:39:03.698+05:00  INFO 10628 --- [FidDuniyaBE] [restartedMain] o.hibernate.jpa.internal.util.LogHelper  : HHH000204: Processing PersistenceUnitInfo [name: default]
2025-06-12T14:39:03.802+05:00  INFO 10628 --- [FidDuniyaBE] [restartedMain] org.hibernate.Version                    : HHH000412: Hibernate ORM core version 6.6.13.Final
2025-06-12T14:39:03.852+05:00  INFO 10628 --- [FidDuniyaBE] [restartedMain] o.h.c.internal.RegionFactoryInitiator    : HHH000026: Second-level cache disabled
2025-06-12T14:39:04.410+05:00  INFO 10628 --- [FidDuniyaBE] [restartedMain] o.s.o.j.p.SpringPersistenceUnitInfo      : No LoadTimeWeaver setup: ignoring JPA class transformer
2025-06-12T14:39:04.461+05:00  INFO 10628 --- [FidDuniyaBE] [restartedMain] com.zaxxer.hikari.HikariDataSource       : HikariPool-1 - Starting...
2025-06-12T14:39:04.773+05:00  INFO 10628 --- [FidDuniyaBE] [restartedMain] com.zaxxer.hikari.pool.HikariPool        : HikariPool-1 - Added connection org.postgresql.jdbc.PgConnection@23fcebf0
2025-06-12T14:39:04.775+05:00  INFO 10628 --- [FidDuniyaBE] [restartedMain] com.zaxxer.hikari.HikariDataSource       : HikariPool-1 - Start completed.
2025-06-12T14:39:04.985+05:00  INFO 10628 --- [FidDuniyaBE] [restartedMain] org.hibernate.orm.connections.pooling    : HHH10001005: Database info:
	Database JDBC URL [Connecting through datasource 'HikariDataSource (HikariPool-1)']
	Database driver: undefined/unknown
	Database version: 17.5
	Autocommit mode: undefined/unknown
	Isolation level: undefined/unknown
	Minimum pool size: undefined/unknown
	Maximum pool size: undefined/unknown
2025-06-12T14:39:07.082+05:00  INFO 10628 --- [FidDuniyaBE] [restartedMain] o.h.e.t.j.p.i.JtaPlatformInitiator       : HHH000489: No JTA platform available (set 'hibernate.transaction.jta.platform' to enable JTA platform integration)
2025-06-12T14:39:07.331+05:00  INFO 10628 --- [FidDuniyaBE] [restartedMain] j.LocalContainerEntityManagerFactoryBean : Initialized JPA EntityManagerFactory for persistence unit 'default'
2025-06-12T14:39:08.961+05:00  WARN 10628 --- [FidDuniyaBE] [restartedMain] JpaBaseConfiguration$JpaWebConfiguration : spring.jpa.open-in-view is enabled by default. Therefore, database queries may be performed during view rendering. Explicitly configure spring.jpa.open-in-view to disable this warning
2025-06-12T14:39:09.373+05:00  WARN 10628 --- [FidDuniyaBE] [restartedMain] .s.s.UserDetailsServiceAutoConfiguration : 

Using generated security password: 336d2340-7140-4f85-88d0-f7a6000cdbba

This generated password is for development use only. Your security configuration must be updated before running your application in production.

2025-06-12T14:39:09.394+05:00  INFO 10628 --- [FidDuniyaBE] [restartedMain] r$InitializeUserDetailsManagerConfigurer : Global AuthenticationManager configured with UserDetailsService bean with name inMemoryUserDetailsManager
2025-06-12T14:39:11.566+05:00  INFO 10628 --- [FidDuniyaBE] [restartedMain] o.s.b.a.e.web.EndpointLinksResolver      : Exposing 1 endpoint beneath base path '/actuator'
2025-06-12T14:39:12.008+05:00  INFO 20344 --- [FidDuniyaBE] [restartedMain] o.i.fidduniyabe.FidDuniyaBeApplication   : Starting FidDuniyaBeApplication using Java 23 with PID 20344 (D:\Idea2Product\JavaSpringBoot\FidDuniyaBE\target\classes started by HP in D:\Idea2Product\JavaSpringBoot\FidDuniyaBE)
2025-06-12T14:39:12.011+05:00  INFO 20344 --- [FidDuniyaBE] [restartedMain] o.i.fidduniyabe.FidDuniyaBeApplication   : No active profile set, falling back to 1 default profile: "default"
2025-06-12T14:39:12.260+05:00  INFO 20344 --- [FidDuniyaBE] [restartedMain] .e.DevToolsPropertyDefaultsPostProcessor : Devtools property defaults active! Set 'spring.devtools.add-properties' to 'false' to disable
2025-06-12T14:39:12.260+05:00  INFO 20344 --- [FidDuniyaBE] [restartedMain] .e.DevToolsPropertyDefaultsPostProcessor : For additional web related logging consider setting the 'logging.level.web' property to 'DEBUG'
2025-06-12T14:39:12.391+05:00  INFO 10628 --- [FidDuniyaBE] [restartedMain] o.s.v.b.OptionalValidatorFactoryBean     : Failed to set up a Bean Validation provider: jakarta.validation.NoProviderFoundException: Unable to create a Configuration, because no Jakarta Bean Validation provider could be found. Add a provider like Hibernate Validator (RI) to your classpath.
2025-06-12T14:39:14.285+05:00  INFO 10628 --- [FidDuniyaBE] [restartedMain] o.s.b.d.a.OptionalLiveReloadServer       : LiveReload server is running on port 35729
2025-06-12T14:39:14.531+05:00  INFO 10628 --- [FidDuniyaBE] [restartedMain] o.s.b.w.embedded.tomcat.TomcatWebServer  : Tomcat started on port 3001 (http) with context path '/'
2025-06-12T14:39:14.555+05:00  INFO 20344 --- [FidDuniyaBE] [restartedMain] .s.d.r.c.RepositoryConfigurationDelegate : Bootstrapping Spring Data JPA repositories in DEFAULT mode.
2025-06-12T14:39:14.576+05:00  INFO 10628 --- [FidDuniyaBE] [restartedMain] o.i.fidduniyabe.FidDuniyaBeApplication   : Started FidDuniyaBeApplication in 17.296 seconds (process running for 20.252)
2025-06-12T14:39:14.653+05:00  INFO 20344 --- [FidDuniyaBE] [restartedMain] .s.d.r.c.RepositoryConfigurationDelegate : Finished Spring Data repository scanning in 83 ms. Found 3 JPA repository interfaces.
2025-06-12T14:39:15.064+05:00  INFO 10628 --- [FidDuniyaBE] [RMI TCP Connection(1)-192.168.56.1] o.a.c.c.C.[Tomcat].[localhost].[/]       : Initializing Spring DispatcherServlet 'dispatcherServlet'
2025-06-12T14:39:15.065+05:00  INFO 10628 --- [FidDuniyaBE] [RMI TCP Connection(1)-192.168.56.1] o.s.web.servlet.DispatcherServlet        : Initializing Servlet 'dispatcherServlet'
2025-06-12T14:39:15.069+05:00  INFO 10628 --- [FidDuniyaBE] [RMI TCP Connection(1)-192.168.56.1] o.s.web.servlet.DispatcherServlet        : Completed initialization in 4 ms
2025-06-12T14:39:16.222+05:00  INFO 20344 --- [FidDuniyaBE] [restartedMain] o.s.b.w.embedded.tomcat.TomcatWebServer  : Tomcat initialized with port 3001 (http)
2025-06-12T14:39:16.238+05:00  INFO 20344 --- [FidDuniyaBE] [restartedMain] o.apache.catalina.core.StandardService   : Starting service [Tomcat]
2025-06-12T14:39:16.239+05:00  INFO 20344 --- [FidDuniyaBE] [restartedMain] o.apache.catalina.core.StandardEngine    : Starting Servlet engine: [Apache Tomcat/10.1.40]
2025-06-12T14:39:16.296+05:00  INFO 20344 --- [FidDuniyaBE] [restartedMain] o.a.c.c.C.[Tomcat].[localhost].[/]       : Initializing Spring embedded WebApplicationContext
2025-06-12T14:39:16.297+05:00  INFO 20344 --- [FidDuniyaBE] [restartedMain] w.s.c.ServletWebServerApplicationContext : Root WebApplicationContext: initialization completed in 4031 ms
2025-06-12T14:39:16.715+05:00  INFO 20344 --- [FidDuniyaBE] [restartedMain] o.hibernate.jpa.internal.util.LogHelper  : HHH000204: Processing PersistenceUnitInfo [name: default]
2025-06-12T14:39:16.764+05:00  INFO 20344 --- [FidDuniyaBE] [restartedMain] org.hibernate.Version                    : HHH000412: Hibernate ORM core version 6.6.13.Final
2025-06-12T14:39:16.816+05:00  INFO 20344 --- [FidDuniyaBE] [restartedMain] o.h.c.internal.RegionFactoryInitiator    : HHH000026: Second-level cache disabled
2025-06-12T14:39:17.121+05:00  INFO 20344 --- [FidDuniyaBE] [restartedMain] o.s.o.j.p.SpringPersistenceUnitInfo      : No LoadTimeWeaver setup: ignoring JPA class transformer
2025-06-12T14:39:17.156+05:00  INFO 20344 --- [FidDuniyaBE] [restartedMain] com.zaxxer.hikari.HikariDataSource       : HikariPool-1 - Starting...
2025-06-12T14:39:17.355+05:00  INFO 20344 --- [FidDuniyaBE] [restartedMain] com.zaxxer.hikari.pool.HikariPool        : HikariPool-1 - Added connection org.postgresql.jdbc.PgConnection@3cd82384
2025-06-12T14:39:17.359+05:00  INFO 20344 --- [FidDuniyaBE] [restartedMain] com.zaxxer.hikari.HikariDataSource       : HikariPool-1 - Start completed.
2025-06-12T14:39:17.513+05:00  INFO 20344 --- [FidDuniyaBE] [restartedMain] org.hibernate.orm.connections.pooling    : HHH10001005: Database info:
	Database JDBC URL [Connecting through datasource 'HikariDataSource (HikariPool-1)']
	Database driver: undefined/unknown
	Database version: 17.5
	Autocommit mode: undefined/unknown
	Isolation level: undefined/unknown
	Minimum pool size: undefined/unknown
	Maximum pool size: undefined/unknown
2025-06-12T14:39:19.356+05:00  INFO 20344 --- [FidDuniyaBE] [restartedMain] o.h.e.t.j.p.i.JtaPlatformInitiator       : HHH000489: No JTA platform available (set 'hibernate.transaction.jta.platform' to enable JTA platform integration)
2025-06-12T14:39:19.552+05:00  INFO 20344 --- [FidDuniyaBE] [restartedMain] j.LocalContainerEntityManagerFactoryBean : Initialized JPA EntityManagerFactory for persistence unit 'default'
2025-06-12T14:39:20.518+05:00  WARN 20344 --- [FidDuniyaBE] [restartedMain] JpaBaseConfiguration$JpaWebConfiguration : spring.jpa.open-in-view is enabled by default. Therefore, database queries may be performed during view rendering. Explicitly configure spring.jpa.open-in-view to disable this warning
2025-06-12T14:39:20.695+05:00  WARN 20344 --- [FidDuniyaBE] [restartedMain] .s.s.UserDetailsServiceAutoConfiguration : 

Using generated security password: 2567ff33-a196-430b-a703-95e26d8932b0

This generated password is for development use only. Your security configuration must be updated before running your application in production.

2025-06-12T14:39:20.707+05:00  INFO 20344 --- [FidDuniyaBE] [restartedMain] r$InitializeUserDetailsManagerConfigurer : Global AuthenticationManager configured with UserDetailsService bean with name inMemoryUserDetailsManager
2025-06-12T14:39:21.644+05:00  INFO 20344 --- [FidDuniyaBE] [restartedMain] o.s.b.a.e.web.EndpointLinksResolver      : Exposing 1 endpoint beneath base path '/actuator'
2025-06-12T14:39:21.777+05:00  INFO 20344 --- [FidDuniyaBE] [restartedMain] o.s.v.b.OptionalValidatorFactoryBean     : Failed to set up a Bean Validation provider: jakarta.validation.NoProviderFoundException: Unable to create a Configuration, because no Jakarta Bean Validation provider could be found. Add a provider like Hibernate Validator (RI) to your classpath.
2025-06-12T14:39:22.296+05:00  WARN 20344 --- [FidDuniyaBE] [restartedMain] o.s.b.d.a.OptionalLiveReloadServer       : Unable to start LiveReload server
2025-06-12T14:39:22.357+05:00  WARN 20344 --- [FidDuniyaBE] [restartedMain] ConfigServletWebServerApplicationContext : Exception encountered during context initialization - cancelling refresh attempt: org.springframework.context.ApplicationContextException: Failed to start bean 'webServerStartStop'
2025-06-12T14:39:22.362+05:00  INFO 20344 --- [FidDuniyaBE] [restartedMain] j.LocalContainerEntityManagerFactoryBean : Closing JPA EntityManagerFactory for persistence unit 'default'
2025-06-12T14:39:22.365+05:00  INFO 20344 --- [FidDuniyaBE] [restartedMain] com.zaxxer.hikari.HikariDataSource       : HikariPool-1 - Shutdown initiated...
2025-06-12T14:39:22.369+05:00  INFO 20344 --- [FidDuniyaBE] [restartedMain] com.zaxxer.hikari.HikariDataSource       : HikariPool-1 - Shutdown completed.
2025-06-12T14:39:22.390+05:00  INFO 20344 --- [FidDuniyaBE] [restartedMain] .s.b.a.l.ConditionEvaluationReportLogger : 

Error starting ApplicationContext. To display the condition evaluation report re-run your application with 'debug' enabled.
2025-06-12T14:39:22.421+05:00 ERROR 20344 --- [FidDuniyaBE] [restartedMain] o.s.b.d.LoggingFailureAnalysisReporter   : 

***************************
APPLICATION FAILED TO START
***************************

Description:

Web server failed to start. Port 3001 was already in use.

Action:

Identify and stop the process that's listening on port 3001 or configure this application to listen on another port.

2025-06-12T14:39:41.505+05:00  INFO 10628 --- [FidDuniyaBE] [SpringApplicationShutdownHook] o.s.b.w.e.tomcat.GracefulShutdown        : Commencing graceful shutdown. Waiting for active requests to complete
2025-06-12T14:39:41.525+05:00  INFO 10628 --- [FidDuniyaBE] [tomcat-shutdown] o.s.b.w.e.tomcat.GracefulShutdown        : Graceful shutdown complete
2025-06-12T14:39:41.540+05:00  INFO 10628 --- [FidDuniyaBE] [SpringApplicationShutdownHook] j.LocalContainerEntityManagerFactoryBean : Closing JPA EntityManagerFactory for persistence unit 'default'
2025-06-12T14:39:41.546+05:00  INFO 10628 --- [FidDuniyaBE] [SpringApplicationShutdownHook] com.zaxxer.hikari.HikariDataSource       : HikariPool-1 - Shutdown initiated...
2025-06-12T14:39:41.554+05:00  INFO 10628 --- [FidDuniyaBE] [SpringApplicationShutdownHook] com.zaxxer.hikari.HikariDataSource       : HikariPool-1 - Shutdown completed.
2025-06-12T14:39:52.032+05:00  INFO 13332 --- [FidDuniyaBE] [restartedMain] o.i.fidduniyabe.FidDuniyaBeApplication   : Starting FidDuniyaBeApplication using Java 23 with PID 13332 (D:\Idea2Product\JavaSpringBoot\FidDuniyaBE\target\classes started by HP in D:\Idea2Product\JavaSpringBoot\FidDuniyaBE)
2025-06-12T14:39:52.034+05:00  INFO 13332 --- [FidDuniyaBE] [restartedMain] o.i.fidduniyabe.FidDuniyaBeApplication   : No active profile set, falling back to 1 default profile: "default"
2025-06-12T14:39:52.089+05:00  INFO 13332 --- [FidDuniyaBE] [restartedMain] .e.DevToolsPropertyDefaultsPostProcessor : Devtools property defaults active! Set 'spring.devtools.add-properties' to 'false' to disable
2025-06-12T14:39:52.090+05:00  INFO 13332 --- [FidDuniyaBE] [restartedMain] .e.DevToolsPropertyDefaultsPostProcessor : For additional web related logging consider setting the 'logging.level.web' property to 'DEBUG'
2025-06-12T14:39:53.119+05:00  INFO 13332 --- [FidDuniyaBE] [restartedMain] .s.d.r.c.RepositoryConfigurationDelegate : Bootstrapping Spring Data JPA repositories in DEFAULT mode.
2025-06-12T14:39:53.168+05:00  INFO 13332 --- [FidDuniyaBE] [restartedMain] .s.d.r.c.RepositoryConfigurationDelegate : Finished Spring Data repository scanning in 41 ms. Found 3 JPA repository interfaces.
2025-06-12T14:39:54.048+05:00  INFO 13332 --- [FidDuniyaBE] [restartedMain] o.s.b.w.embedded.tomcat.TomcatWebServer  : Tomcat initialized with port 3001 (http)
2025-06-12T14:39:54.061+05:00  INFO 13332 --- [FidDuniyaBE] [restartedMain] o.apache.catalina.core.StandardService   : Starting service [Tomcat]
2025-06-12T14:39:54.062+05:00  INFO 13332 --- [FidDuniyaBE] [restartedMain] o.apache.catalina.core.StandardEngine    : Starting Servlet engine: [Apache Tomcat/10.1.40]
2025-06-12T14:39:54.109+05:00  INFO 13332 --- [FidDuniyaBE] [restartedMain] o.a.c.c.C.[Tomcat].[localhost].[/]       : Initializing Spring embedded WebApplicationContext
2025-06-12T14:39:54.110+05:00  INFO 13332 --- [FidDuniyaBE] [restartedMain] w.s.c.ServletWebServerApplicationContext : Root WebApplicationContext: initialization completed in 2020 ms
2025-06-12T14:39:54.497+05:00  INFO 13332 --- [FidDuniyaBE] [restartedMain] o.hibernate.jpa.internal.util.LogHelper  : HHH000204: Processing PersistenceUnitInfo [name: default]
2025-06-12T14:39:54.539+05:00  INFO 13332 --- [FidDuniyaBE] [restartedMain] org.hibernate.Version                    : HHH000412: Hibernate ORM core version 6.6.13.Final
2025-06-12T14:39:54.566+05:00  INFO 13332 --- [FidDuniyaBE] [restartedMain] o.h.c.internal.RegionFactoryInitiator    : HHH000026: Second-level cache disabled
2025-06-12T14:39:54.870+05:00  INFO 13332 --- [FidDuniyaBE] [restartedMain] o.s.o.j.p.SpringPersistenceUnitInfo      : No LoadTimeWeaver setup: ignoring JPA class transformer
2025-06-12T14:39:54.900+05:00  INFO 13332 --- [FidDuniyaBE] [restartedMain] com.zaxxer.hikari.HikariDataSource       : HikariPool-1 - Starting...
2025-06-12T14:39:55.055+05:00  INFO 13332 --- [FidDuniyaBE] [restartedMain] com.zaxxer.hikari.pool.HikariPool        : HikariPool-1 - Added connection org.postgresql.jdbc.PgConnection@55e76ef
2025-06-12T14:39:55.057+05:00  INFO 13332 --- [FidDuniyaBE] [restartedMain] com.zaxxer.hikari.HikariDataSource       : HikariPool-1 - Start completed.
2025-06-12T14:39:55.148+05:00  INFO 13332 --- [FidDuniyaBE] [restartedMain] org.hibernate.orm.connections.pooling    : HHH10001005: Database info:
	Database JDBC URL [Connecting through datasource 'HikariDataSource (HikariPool-1)']
	Database driver: undefined/unknown
	Database version: 17.5
	Autocommit mode: undefined/unknown
	Isolation level: undefined/unknown
	Minimum pool size: undefined/unknown
	Maximum pool size: undefined/unknown
2025-06-12T14:39:56.120+05:00  INFO 13332 --- [FidDuniyaBE] [restartedMain] o.h.e.t.j.p.i.JtaPlatformInitiator       : HHH000489: No JTA platform available (set 'hibernate.transaction.jta.platform' to enable JTA platform integration)
2025-06-12T14:39:56.268+05:00  INFO 13332 --- [FidDuniyaBE] [restartedMain] j.LocalContainerEntityManagerFactoryBean : Initialized JPA EntityManagerFactory for persistence unit 'default'
2025-06-12T14:39:56.736+05:00  WARN 13332 --- [FidDuniyaBE] [restartedMain] JpaBaseConfiguration$JpaWebConfiguration : spring.jpa.open-in-view is enabled by default. Therefore, database queries may be performed during view rendering. Explicitly configure spring.jpa.open-in-view to disable this warning
2025-06-12T14:39:56.897+05:00  WARN 13332 --- [FidDuniyaBE] [restartedMain] .s.s.UserDetailsServiceAutoConfiguration : 

Using generated security password: c20520d5-a0bf-4ec5-8548-f1b4d0a50a85

This generated password is for development use only. Your security configuration must be updated before running your application in production.

2025-06-12T14:39:56.905+05:00  INFO 13332 --- [FidDuniyaBE] [restartedMain] r$InitializeUserDetailsManagerConfigurer : Global AuthenticationManager configured with UserDetailsService bean with name inMemoryUserDetailsManager
2025-06-12T14:39:57.599+05:00  INFO 13332 --- [FidDuniyaBE] [restartedMain] o.s.b.a.e.web.EndpointLinksResolver      : Exposing 1 endpoint beneath base path '/actuator'
2025-06-12T14:39:57.721+05:00  INFO 13332 --- [FidDuniyaBE] [restartedMain] o.s.v.b.OptionalValidatorFactoryBean     : Failed to set up a Bean Validation provider: jakarta.validation.NoProviderFoundException: Unable to create a Configuration, because no Jakarta Bean Validation provider could be found. Add a provider like Hibernate Validator (RI) to your classpath.
2025-06-12T14:40:03.317+05:00  INFO 13332 --- [FidDuniyaBE] [restartedMain] o.s.b.d.a.OptionalLiveReloadServer       : LiveReload server is running on port 35729
2025-06-12T14:40:03.489+05:00  INFO 13332 --- [FidDuniyaBE] [restartedMain] o.s.b.w.embedded.tomcat.TomcatWebServer  : Tomcat started on port 3001 (http) with context path '/'
2025-06-12T14:40:03.507+05:00  INFO 13332 --- [FidDuniyaBE] [restartedMain] o.i.fidduniyabe.FidDuniyaBeApplication   : Started FidDuniyaBeApplication in 12.017 seconds (process running for 18.077)
2025-06-12T14:40:04.176+05:00  INFO 13332 --- [FidDuniyaBE] [RMI TCP Connection(3)-192.168.56.1] o.a.c.c.C.[Tomcat].[localhost].[/]       : Initializing Spring DispatcherServlet 'dispatcherServlet'
2025-06-12T14:40:04.177+05:00  INFO 13332 --- [FidDuniyaBE] [RMI TCP Connection(3)-192.168.56.1] o.s.web.servlet.DispatcherServlet        : Initializing Servlet 'dispatcherServlet'
2025-06-12T14:40:04.183+05:00  INFO 13332 --- [FidDuniyaBE] [RMI TCP Connection(3)-192.168.56.1] o.s.web.servlet.DispatcherServlet        : Completed initialization in 6 ms
2025-06-12T14:40:22.676+05:00  INFO 13332 --- [FidDuniyaBE] [http-nio-3001-exec-1] o.i.f.controller.UsersController         : Supplication type has been created
2025-06-12T14:40:41.317+05:00  INFO 13332 --- [FidDuniyaBE] [http-nio-3001-exec-4] o.i.f.controller.UsersController         : supplication type list has been returned
2025-06-12T14:42:35.803+05:00  WARN 13332 --- [FidDuniyaBE] [http-nio-3001-exec-6] o.h.engine.jdbc.spi.SqlExceptionHelper   : SQL Error: 0, SQLState: 23503
2025-06-12T14:42:35.804+05:00 ERROR 13332 --- [FidDuniyaBE] [http-nio-3001-exec-6] o.h.engine.jdbc.spi.SqlExceptionHelper   : ERROR: insert or update on table "supplications" violates foreign key constraint "fk8m9f66x93dsut74msnpe92o43"
  Detail: Key (type_id)=(3) is not present in table "supplication_type".
2025-06-12T14:42:35.818+05:00  WARN 13332 --- [FidDuniyaBE] [http-nio-3001-exec-6] .m.m.a.ExceptionHandlerExceptionResolver : Resolved [org.springframework.dao.DataIntegrityViolationException: could not execute statement [ERROR: insert or update on table "supplications" violates foreign key constraint "fk8m9f66x93dsut74msnpe92o43"<EOL>  Detail: Key (type_id)=(3) is not present in table "supplication_type".] [insert into supplications (arabic,created_at,english,heading,heading_roman,is_active,num_of_duas,num_sub_categories,ref_chapter,ref_text,ref_type,roman,sub_heading,sup_id_in_csv,type_id,total_count,updated_at) values (?,?,?,?,?,?,?,?,?,?,?,?,?,?,?,?,?)]; SQL [insert into supplications (arabic,created_at,english,heading,heading_roman,is_active,num_of_duas,num_sub_categories,ref_chapter,ref_text,ref_type,roman,sub_heading,sup_id_in_csv,type_id,total_count,updated_at) values (?,?,?,?,?,?,?,?,?,?,?,?,?,?,?,?,?)]; constraint [fk8m9f66x93dsut74msnpe92o43]]
2025-06-12T14:42:49.824+05:00  INFO 13332 --- [FidDuniyaBE] [http-nio-3001-exec-7] o.i.f.controller.UsersController         : supplication type list has been returned
2025-06-12T14:43:00.192+05:00  WARN 13332 --- [FidDuniyaBE] [http-nio-3001-exec-8] o.h.engine.jdbc.spi.SqlExceptionHelper   : SQL Error: 0, SQLState: 23503
2025-06-12T14:43:00.192+05:00 ERROR 13332 --- [FidDuniyaBE] [http-nio-3001-exec-8] o.h.engine.jdbc.spi.SqlExceptionHelper   : ERROR: insert or update on table "supplications" violates foreign key constraint "fk8m9f66x93dsut74msnpe92o43"
  Detail: Key (type_id)=(4) is not present in table "supplication_type".
2025-06-12T14:43:00.196+05:00  WARN 13332 --- [FidDuniyaBE] [http-nio-3001-exec-8] .m.m.a.ExceptionHandlerExceptionResolver : Resolved [org.springframework.dao.DataIntegrityViolationException: could not execute statement [ERROR: insert or update on table "supplications" violates foreign key constraint "fk8m9f66x93dsut74msnpe92o43"<EOL>  Detail: Key (type_id)=(4) is not present in table "supplication_type".] [insert into supplications (arabic,created_at,english,heading,heading_roman,is_active,num_of_duas,num_sub_categories,ref_chapter,ref_text,ref_type,roman,sub_heading,sup_id_in_csv,type_id,total_count,updated_at) values (?,?,?,?,?,?,?,?,?,?,?,?,?,?,?,?,?)]; SQL [insert into supplications (arabic,created_at,english,heading,heading_roman,is_active,num_of_duas,num_sub_categories,ref_chapter,ref_text,ref_type,roman,sub_heading,sup_id_in_csv,type_id,total_count,updated_at) values (?,?,?,?,?,?,?,?,?,?,?,?,?,?,?,?,?)]; constraint [fk8m9f66x93dsut74msnpe92o43]]
2025-06-12T14:43:47.278+05:00  WARN 13332 --- [FidDuniyaBE] [http-nio-3001-exec-9] o.h.engine.jdbc.spi.SqlExceptionHelper   : SQL Error: 0, SQLState: 23503
2025-06-12T14:43:47.279+05:00 ERROR 13332 --- [FidDuniyaBE] [http-nio-3001-exec-9] o.h.engine.jdbc.spi.SqlExceptionHelper   : ERROR: insert or update on table "supplications" violates foreign key constraint "fk8m9f66x93dsut74msnpe92o43"
  Detail: Key (type_id)=(4) is not present in table "supplication_type".
2025-06-12T14:43:47.282+05:00  WARN 13332 --- [FidDuniyaBE] [http-nio-3001-exec-9] .m.m.a.ExceptionHandlerExceptionResolver : Resolved [org.springframework.dao.DataIntegrityViolationException: could not execute statement [ERROR: insert or update on table "supplications" violates foreign key constraint "fk8m9f66x93dsut74msnpe92o43"<EOL>  Detail: Key (type_id)=(4) is not present in table "supplication_type".] [insert into supplications (arabic,created_at,english,heading,heading_roman,is_active,num_of_duas,num_sub_categories,ref_chapter,ref_text,ref_type,roman,sub_heading,sup_id_in_csv,type_id,total_count,updated_at) values (?,?,?,?,?,?,?,?,?,?,?,?,?,?,?,?,?)]; SQL [insert into supplications (arabic,created_at,english,heading,heading_roman,is_active,num_of_duas,num_sub_categories,ref_chapter,ref_text,ref_type,roman,sub_heading,sup_id_in_csv,type_id,total_count,updated_at) values (?,?,?,?,?,?,?,?,?,?,?,?,?,?,?,?,?)]; constraint [fk8m9f66x93dsut74msnpe92o43]]
2025-06-12T14:44:53.189+05:00  INFO 13332 --- [FidDuniyaBE] [http-nio-3001-exec-3] o.i.f.c.SupplicationsController          : Supplication added successfully with ID: 7
2025-06-12T14:45:11.280+05:00  INFO 13332 --- [FidDuniyaBE] [SpringApplicationShutdownHook] o.s.b.w.e.tomcat.GracefulShutdown        : Commencing graceful shutdown. Waiting for active requests to complete
2025-06-12T14:45:11.297+05:00  INFO 13332 --- [FidDuniyaBE] [tomcat-shutdown] o.s.b.w.e.tomcat.GracefulShutdown        : Graceful shutdown complete
2025-06-12T14:45:11.306+05:00  INFO 13332 --- [FidDuniyaBE] [SpringApplicationShutdownHook] j.LocalContainerEntityManagerFactoryBean : Closing JPA EntityManagerFactory for persistence unit 'default'
2025-06-12T14:45:11.310+05:00  INFO 13332 --- [FidDuniyaBE] [SpringApplicationShutdownHook] com.zaxxer.hikari.HikariDataSource       : HikariPool-1 - Shutdown initiated...
2025-06-12T14:45:11.315+05:00  INFO 13332 --- [FidDuniyaBE] [SpringApplicationShutdownHook] com.zaxxer.hikari.HikariDataSource       : HikariPool-1 - Shutdown completed.
2025-06-12T15:04:49.810+05:00  INFO 15104 --- [FidDuniyaBE] [restartedMain] o.i.fidduniyabe.FidDuniyaBeApplication   : Starting FidDuniyaBeApplication using Java 23 with PID 15104 (D:\Idea2Product\JavaSpringBoot\FidDuniyaBE\target\classes started by HP in D:\Idea2Product\JavaSpringBoot\FidDuniyaBE)
2025-06-12T15:04:49.813+05:00  INFO 15104 --- [FidDuniyaBE] [restartedMain] o.i.fidduniyabe.FidDuniyaBeApplication   : No active profile set, falling back to 1 default profile: "default"
2025-06-12T15:04:49.881+05:00  INFO 15104 --- [FidDuniyaBE] [restartedMain] .e.DevToolsPropertyDefaultsPostProcessor : Devtools property defaults active! Set 'spring.devtools.add-properties' to 'false' to disable
2025-06-12T15:04:49.881+05:00  INFO 15104 --- [FidDuniyaBE] [restartedMain] .e.DevToolsPropertyDefaultsPostProcessor : For additional web related logging consider setting the 'logging.level.web' property to 'DEBUG'
2025-06-12T15:04:51.148+05:00  INFO 15104 --- [FidDuniyaBE] [restartedMain] .s.d.r.c.RepositoryConfigurationDelegate : Bootstrapping Spring Data JPA repositories in DEFAULT mode.
2025-06-12T15:04:51.208+05:00  INFO 15104 --- [FidDuniyaBE] [restartedMain] .s.d.r.c.RepositoryConfigurationDelegate : Finished Spring Data repository scanning in 50 ms. Found 3 JPA repository interfaces.
2025-06-12T15:04:52.441+05:00  INFO 15104 --- [FidDuniyaBE] [restartedMain] o.s.b.w.embedded.tomcat.TomcatWebServer  : Tomcat initialized with port 3001 (http)
2025-06-12T15:04:52.459+05:00  INFO 15104 --- [FidDuniyaBE] [restartedMain] o.apache.catalina.core.StandardService   : Starting service [Tomcat]
2025-06-12T15:04:52.459+05:00  INFO 15104 --- [FidDuniyaBE] [restartedMain] o.apache.catalina.core.StandardEngine    : Starting Servlet engine: [Apache Tomcat/10.1.40]
2025-06-12T15:04:52.518+05:00  INFO 15104 --- [FidDuniyaBE] [restartedMain] o.a.c.c.C.[Tomcat].[localhost].[/]       : Initializing Spring embedded WebApplicationContext
2025-06-12T15:04:52.519+05:00  INFO 15104 --- [FidDuniyaBE] [restartedMain] w.s.c.ServletWebServerApplicationContext : Root WebApplicationContext: initialization completed in 2637 ms
2025-06-12T15:04:53.485+05:00  INFO 15104 --- [FidDuniyaBE] [restartedMain] o.hibernate.jpa.internal.util.LogHelper  : HHH000204: Processing PersistenceUnitInfo [name: default]
2025-06-12T15:04:53.621+05:00  INFO 15104 --- [FidDuniyaBE] [restartedMain] org.hibernate.Version                    : HHH000412: Hibernate ORM core version 6.6.13.Final
2025-06-12T15:04:53.716+05:00  INFO 15104 --- [FidDuniyaBE] [restartedMain] o.h.c.internal.RegionFactoryInitiator    : HHH000026: Second-level cache disabled
2025-06-12T15:04:54.434+05:00  INFO 15104 --- [FidDuniyaBE] [restartedMain] o.s.o.j.p.SpringPersistenceUnitInfo      : No LoadTimeWeaver setup: ignoring JPA class transformer
2025-06-12T15:04:54.513+05:00  INFO 15104 --- [FidDuniyaBE] [restartedMain] com.zaxxer.hikari.HikariDataSource       : HikariPool-1 - Starting...
2025-06-12T15:04:54.911+05:00  INFO 15104 --- [FidDuniyaBE] [restartedMain] com.zaxxer.hikari.pool.HikariPool        : HikariPool-1 - Added connection org.postgresql.jdbc.PgConnection@fcca34f
2025-06-12T15:04:54.914+05:00  INFO 15104 --- [FidDuniyaBE] [restartedMain] com.zaxxer.hikari.HikariDataSource       : HikariPool-1 - Start completed.
2025-06-12T15:04:55.037+05:00  INFO 15104 --- [FidDuniyaBE] [restartedMain] org.hibernate.orm.connections.pooling    : HHH10001005: Database info:
	Database JDBC URL [Connecting through datasource 'HikariDataSource (HikariPool-1)']
	Database driver: undefined/unknown
	Database version: 17.5
	Autocommit mode: undefined/unknown
	Isolation level: undefined/unknown
	Minimum pool size: undefined/unknown
	Maximum pool size: undefined/unknown
2025-06-12T15:04:58.958+05:00  INFO 15104 --- [FidDuniyaBE] [restartedMain] o.h.e.t.j.p.i.JtaPlatformInitiator       : HHH000489: No JTA platform available (set 'hibernate.transaction.jta.platform' to enable JTA platform integration)
2025-06-12T15:04:59.363+05:00  INFO 15104 --- [FidDuniyaBE] [restartedMain] j.LocalContainerEntityManagerFactoryBean : Initialized JPA EntityManagerFactory for persistence unit 'default'
2025-06-12T15:05:00.220+05:00  WARN 15104 --- [FidDuniyaBE] [restartedMain] JpaBaseConfiguration$JpaWebConfiguration : spring.jpa.open-in-view is enabled by default. Therefore, database queries may be performed during view rendering. Explicitly configure spring.jpa.open-in-view to disable this warning
2025-06-12T15:05:00.503+05:00  WARN 15104 --- [FidDuniyaBE] [restartedMain] .s.s.UserDetailsServiceAutoConfiguration : 

Using generated security password: 68388f2a-60d0-4f05-8084-861efe1e8bbb

This generated password is for development use only. Your security configuration must be updated before running your application in production.

2025-06-12T15:05:00.515+05:00  INFO 15104 --- [FidDuniyaBE] [restartedMain] r$InitializeUserDetailsManagerConfigurer : Global AuthenticationManager configured with UserDetailsService bean with name inMemoryUserDetailsManager
2025-06-12T15:05:02.025+05:00  INFO 15104 --- [FidDuniyaBE] [restartedMain] o.s.b.a.e.web.EndpointLinksResolver      : Exposing 1 endpoint beneath base path '/actuator'
2025-06-12T15:05:02.401+05:00  INFO 15104 --- [FidDuniyaBE] [restartedMain] o.s.v.b.OptionalValidatorFactoryBean     : Failed to set up a Bean Validation provider: jakarta.validation.NoProviderFoundException: Unable to create a Configuration, because no Jakarta Bean Validation provider could be found. Add a provider like Hibernate Validator (RI) to your classpath.
2025-06-12T15:05:03.467+05:00  INFO 15104 --- [FidDuniyaBE] [restartedMain] o.s.b.d.a.OptionalLiveReloadServer       : LiveReload server is running on port 35729
2025-06-12T15:05:03.593+05:00  INFO 15104 --- [FidDuniyaBE] [restartedMain] o.s.b.w.embedded.tomcat.TomcatWebServer  : Tomcat started on port 3001 (http) with context path '/'
2025-06-12T15:05:03.613+05:00  INFO 15104 --- [FidDuniyaBE] [restartedMain] o.i.fidduniyabe.FidDuniyaBeApplication   : Started FidDuniyaBeApplication in 14.41 seconds (process running for 15.603)
2025-06-12T15:05:04.983+05:00  INFO 15104 --- [FidDuniyaBE] [RMI TCP Connection(3)-192.168.56.1] o.a.c.c.C.[Tomcat].[localhost].[/]       : Initializing Spring DispatcherServlet 'dispatcherServlet'
2025-06-12T15:05:04.984+05:00  INFO 15104 --- [FidDuniyaBE] [RMI TCP Connection(3)-192.168.56.1] o.s.web.servlet.DispatcherServlet        : Initializing Servlet 'dispatcherServlet'
2025-06-12T15:05:04.992+05:00  INFO 15104 --- [FidDuniyaBE] [RMI TCP Connection(3)-192.168.56.1] o.s.web.servlet.DispatcherServlet        : Completed initialization in 6 ms
2025-06-12T15:05:40.468+05:00  INFO 15104 --- [FidDuniyaBE] [http-nio-3001-exec-1] o.i.f.controller.UsersController         : Supplication type has been created
2025-06-12T15:05:54.358+05:00  INFO 15104 --- [FidDuniyaBE] [SpringApplicationShutdownHook] o.s.b.w.e.tomcat.GracefulShutdown        : Commencing graceful shutdown. Waiting for active requests to complete
2025-06-12T15:05:54.378+05:00  INFO 15104 --- [FidDuniyaBE] [tomcat-shutdown] o.s.b.w.e.tomcat.GracefulShutdown        : Graceful shutdown complete
2025-06-12T15:05:54.389+05:00  INFO 15104 --- [FidDuniyaBE] [SpringApplicationShutdownHook] j.LocalContainerEntityManagerFactoryBean : Closing JPA EntityManagerFactory for persistence unit 'default'
2025-06-12T15:05:54.394+05:00  INFO 15104 --- [FidDuniyaBE] [SpringApplicationShutdownHook] com.zaxxer.hikari.HikariDataSource       : HikariPool-1 - Shutdown initiated...
2025-06-12T15:05:54.399+05:00  INFO 15104 --- [FidDuniyaBE] [SpringApplicationShutdownHook] com.zaxxer.hikari.HikariDataSource       : HikariPool-1 - Shutdown completed.
2025-06-12T15:12:07.454+05:00  INFO 20112 --- [FidDuniyaBE] [restartedMain] o.i.fidduniyabe.FidDuniyaBeApplication   : Starting FidDuniyaBeApplication using Java 23 with PID 20112 (D:\Idea2Product\JavaSpringBoot\FidDuniyaBE\target\classes started by HP in D:\Idea2Product\JavaSpringBoot\FidDuniyaBE)
2025-06-12T15:12:07.460+05:00  INFO 20112 --- [FidDuniyaBE] [restartedMain] o.i.fidduniyabe.FidDuniyaBeApplication   : No active profile set, falling back to 1 default profile: "default"
2025-06-12T15:12:07.538+05:00  INFO 20112 --- [FidDuniyaBE] [restartedMain] .e.DevToolsPropertyDefaultsPostProcessor : Devtools property defaults active! Set 'spring.devtools.add-properties' to 'false' to disable
2025-06-12T15:12:07.539+05:00  INFO 20112 --- [FidDuniyaBE] [restartedMain] .e.DevToolsPropertyDefaultsPostProcessor : For additional web related logging consider setting the 'logging.level.web' property to 'DEBUG'
2025-06-12T15:12:08.782+05:00  INFO 20112 --- [FidDuniyaBE] [restartedMain] .s.d.r.c.RepositoryConfigurationDelegate : Bootstrapping Spring Data JPA repositories in DEFAULT mode.
2025-06-12T15:12:08.847+05:00  INFO 20112 --- [FidDuniyaBE] [restartedMain] .s.d.r.c.RepositoryConfigurationDelegate : Finished Spring Data repository scanning in 52 ms. Found 3 JPA repository interfaces.
2025-06-12T15:12:09.758+05:00  INFO 20112 --- [FidDuniyaBE] [restartedMain] o.s.b.w.embedded.tomcat.TomcatWebServer  : Tomcat initialized with port 3001 (http)
2025-06-12T15:12:09.773+05:00  INFO 20112 --- [FidDuniyaBE] [restartedMain] o.apache.catalina.core.StandardService   : Starting service [Tomcat]
2025-06-12T15:12:09.774+05:00  INFO 20112 --- [FidDuniyaBE] [restartedMain] o.apache.catalina.core.StandardEngine    : Starting Servlet engine: [Apache Tomcat/10.1.40]
2025-06-12T15:12:09.831+05:00  INFO 20112 --- [FidDuniyaBE] [restartedMain] o.a.c.c.C.[Tomcat].[localhost].[/]       : Initializing Spring embedded WebApplicationContext
2025-06-12T15:12:09.831+05:00  INFO 20112 --- [FidDuniyaBE] [restartedMain] w.s.c.ServletWebServerApplicationContext : Root WebApplicationContext: initialization completed in 2291 ms
2025-06-12T15:12:10.231+05:00  INFO 20112 --- [FidDuniyaBE] [restartedMain] o.hibernate.jpa.internal.util.LogHelper  : HHH000204: Processing PersistenceUnitInfo [name: default]
2025-06-12T15:12:10.276+05:00  INFO 20112 --- [FidDuniyaBE] [restartedMain] org.hibernate.Version                    : HHH000412: Hibernate ORM core version 6.6.13.Final
2025-06-12T15:12:10.306+05:00  INFO 20112 --- [FidDuniyaBE] [restartedMain] o.h.c.internal.RegionFactoryInitiator    : HHH000026: Second-level cache disabled
2025-06-12T15:12:10.577+05:00  INFO 20112 --- [FidDuniyaBE] [restartedMain] o.s.o.j.p.SpringPersistenceUnitInfo      : No LoadTimeWeaver setup: ignoring JPA class transformer
2025-06-12T15:12:10.608+05:00  INFO 20112 --- [FidDuniyaBE] [restartedMain] com.zaxxer.hikari.HikariDataSource       : HikariPool-1 - Starting...
2025-06-12T15:12:10.794+05:00  INFO 20112 --- [FidDuniyaBE] [restartedMain] com.zaxxer.hikari.pool.HikariPool        : HikariPool-1 - Added connection org.postgresql.jdbc.PgConnection@6b323ddf
2025-06-12T15:12:10.797+05:00  INFO 20112 --- [FidDuniyaBE] [restartedMain] com.zaxxer.hikari.HikariDataSource       : HikariPool-1 - Start completed.
2025-06-12T15:12:10.868+05:00  INFO 20112 --- [FidDuniyaBE] [restartedMain] org.hibernate.orm.connections.pooling    : HHH10001005: Database info:
	Database JDBC URL [Connecting through datasource 'HikariDataSource (HikariPool-1)']
	Database driver: undefined/unknown
	Database version: 17.5
	Autocommit mode: undefined/unknown
	Isolation level: undefined/unknown
	Minimum pool size: undefined/unknown
	Maximum pool size: undefined/unknown
2025-06-12T15:12:11.914+05:00  INFO 20112 --- [FidDuniyaBE] [restartedMain] o.h.e.t.j.p.i.JtaPlatformInitiator       : HHH000489: No JTA platform available (set 'hibernate.transaction.jta.platform' to enable JTA platform integration)
2025-06-12T15:12:12.109+05:00  INFO 20112 --- [FidDuniyaBE] [restartedMain] j.LocalContainerEntityManagerFactoryBean : Initialized JPA EntityManagerFactory for persistence unit 'default'
2025-06-12T15:12:12.676+05:00  WARN 20112 --- [FidDuniyaBE] [restartedMain] JpaBaseConfiguration$JpaWebConfiguration : spring.jpa.open-in-view is enabled by default. Therefore, database queries may be performed during view rendering. Explicitly configure spring.jpa.open-in-view to disable this warning
2025-06-12T15:12:12.877+05:00  WARN 20112 --- [FidDuniyaBE] [restartedMain] .s.s.UserDetailsServiceAutoConfiguration : 

Using generated security password: 61a12838-265a-41b4-b82c-ab8635f10059

This generated password is for development use only. Your security configuration must be updated before running your application in production.

2025-06-12T15:12:12.889+05:00  INFO 20112 --- [FidDuniyaBE] [restartedMain] r$InitializeUserDetailsManagerConfigurer : Global AuthenticationManager configured with UserDetailsService bean with name inMemoryUserDetailsManager
2025-06-12T15:12:13.650+05:00  INFO 20112 --- [FidDuniyaBE] [restartedMain] o.s.b.a.e.web.EndpointLinksResolver      : Exposing 1 endpoint beneath base path '/actuator'
2025-06-12T15:12:13.792+05:00  INFO 20112 --- [FidDuniyaBE] [restartedMain] o.s.v.b.OptionalValidatorFactoryBean     : Failed to set up a Bean Validation provider: jakarta.validation.NoProviderFoundException: Unable to create a Configuration, because no Jakarta Bean Validation provider could be found. Add a provider like Hibernate Validator (RI) to your classpath.
2025-06-12T15:12:14.412+05:00  INFO 20112 --- [FidDuniyaBE] [restartedMain] o.s.b.d.a.OptionalLiveReloadServer       : LiveReload server is running on port 35729
2025-06-12T15:12:14.504+05:00  INFO 20112 --- [FidDuniyaBE] [restartedMain] o.s.b.w.embedded.tomcat.TomcatWebServer  : Tomcat started on port 3001 (http) with context path '/'
2025-06-12T15:12:14.517+05:00  INFO 20112 --- [FidDuniyaBE] [restartedMain] o.i.fidduniyabe.FidDuniyaBeApplication   : Started FidDuniyaBeApplication in 7.672 seconds (process running for 8.683)
2025-06-12T15:12:14.785+05:00  INFO 20112 --- [FidDuniyaBE] [RMI TCP Connection(4)-192.168.56.1] o.a.c.c.C.[Tomcat].[localhost].[/]       : Initializing Spring DispatcherServlet 'dispatcherServlet'
2025-06-12T15:12:14.786+05:00  INFO 20112 --- [FidDuniyaBE] [RMI TCP Connection(4)-192.168.56.1] o.s.web.servlet.DispatcherServlet        : Initializing Servlet 'dispatcherServlet'
2025-06-12T15:12:14.789+05:00  INFO 20112 --- [FidDuniyaBE] [RMI TCP Connection(4)-192.168.56.1] o.s.web.servlet.DispatcherServlet        : Completed initialization in 3 ms
2025-06-12T15:12:50.400+05:00 ERROR 20112 --- [FidDuniyaBE] [http-nio-3001-exec-1] o.i.f.controller.UsersController         : Image URL must end with .png, .jpg, .jpeg, or .gif
2025-06-12T15:12:57.594+05:00  INFO 20112 --- [FidDuniyaBE] [http-nio-3001-exec-3] o.i.f.controller.UsersController         : Supplication type has been created
2025-06-12T15:13:04.976+05:00  INFO 20112 --- [FidDuniyaBE] [SpringApplicationShutdownHook] o.s.b.w.e.tomcat.GracefulShutdown        : Commencing graceful shutdown. Waiting for active requests to complete
2025-06-12T15:13:05.001+05:00  INFO 20112 --- [FidDuniyaBE] [tomcat-shutdown] o.s.b.w.e.tomcat.GracefulShutdown        : Graceful shutdown complete
2025-06-12T15:13:05.022+05:00  INFO 20112 --- [FidDuniyaBE] [SpringApplicationShutdownHook] j.LocalContainerEntityManagerFactoryBean : Closing JPA EntityManagerFactory for persistence unit 'default'
2025-06-12T15:13:05.034+05:00  INFO 20112 --- [FidDuniyaBE] [SpringApplicationShutdownHook] com.zaxxer.hikari.HikariDataSource       : HikariPool-1 - Shutdown initiated...
2025-06-12T15:13:05.044+05:00  INFO 20112 --- [FidDuniyaBE] [SpringApplicationShutdownHook] com.zaxxer.hikari.HikariDataSource       : HikariPool-1 - Shutdown completed.
2025-06-12T15:23:04.850+05:00  INFO 18240 --- [FidDuniyaBE] [restartedMain] o.i.fidduniyabe.FidDuniyaBeApplication   : Starting FidDuniyaBeApplication using Java 23 with PID 18240 (D:\Idea2Product\JavaSpringBoot\FidDuniyaBE\target\classes started by HP in D:\Idea2Product\JavaSpringBoot\FidDuniyaBE)
2025-06-12T15:23:04.853+05:00  INFO 18240 --- [FidDuniyaBE] [restartedMain] o.i.fidduniyabe.FidDuniyaBeApplication   : No active profile set, falling back to 1 default profile: "default"
2025-06-12T15:23:04.916+05:00  INFO 18240 --- [FidDuniyaBE] [restartedMain] .e.DevToolsPropertyDefaultsPostProcessor : Devtools property defaults active! Set 'spring.devtools.add-properties' to 'false' to disable
2025-06-12T15:23:04.917+05:00  INFO 18240 --- [FidDuniyaBE] [restartedMain] .e.DevToolsPropertyDefaultsPostProcessor : For additional web related logging consider setting the 'logging.level.web' property to 'DEBUG'
2025-06-12T15:23:06.135+05:00  INFO 18240 --- [FidDuniyaBE] [restartedMain] .s.d.r.c.RepositoryConfigurationDelegate : Bootstrapping Spring Data JPA repositories in DEFAULT mode.
2025-06-12T15:23:06.203+05:00  INFO 18240 --- [FidDuniyaBE] [restartedMain] .s.d.r.c.RepositoryConfigurationDelegate : Finished Spring Data repository scanning in 56 ms. Found 3 JPA repository interfaces.
2025-06-12T15:23:07.151+05:00  INFO 18240 --- [FidDuniyaBE] [restartedMain] o.s.b.w.embedded.tomcat.TomcatWebServer  : Tomcat initialized with port 3001 (http)
2025-06-12T15:23:07.165+05:00  INFO 18240 --- [FidDuniyaBE] [restartedMain] o.apache.catalina.core.StandardService   : Starting service [Tomcat]
2025-06-12T15:23:07.165+05:00  INFO 18240 --- [FidDuniyaBE] [restartedMain] o.apache.catalina.core.StandardEngine    : Starting Servlet engine: [Apache Tomcat/10.1.40]
2025-06-12T15:23:07.213+05:00  INFO 18240 --- [FidDuniyaBE] [restartedMain] o.a.c.c.C.[Tomcat].[localhost].[/]       : Initializing Spring embedded WebApplicationContext
2025-06-12T15:23:07.214+05:00  INFO 18240 --- [FidDuniyaBE] [restartedMain] w.s.c.ServletWebServerApplicationContext : Root WebApplicationContext: initialization completed in 2296 ms
2025-06-12T15:23:07.620+05:00  INFO 18240 --- [FidDuniyaBE] [restartedMain] o.hibernate.jpa.internal.util.LogHelper  : HHH000204: Processing PersistenceUnitInfo [name: default]
2025-06-12T15:23:07.664+05:00  INFO 18240 --- [FidDuniyaBE] [restartedMain] org.hibernate.Version                    : HHH000412: Hibernate ORM core version 6.6.13.Final
2025-06-12T15:23:07.727+05:00  INFO 18240 --- [FidDuniyaBE] [restartedMain] o.h.c.internal.RegionFactoryInitiator    : HHH000026: Second-level cache disabled
2025-06-12T15:23:08.047+05:00  INFO 18240 --- [FidDuniyaBE] [restartedMain] o.s.o.j.p.SpringPersistenceUnitInfo      : No LoadTimeWeaver setup: ignoring JPA class transformer
2025-06-12T15:23:08.084+05:00  INFO 18240 --- [FidDuniyaBE] [restartedMain] com.zaxxer.hikari.HikariDataSource       : HikariPool-1 - Starting...
2025-06-12T15:23:08.297+05:00  INFO 18240 --- [FidDuniyaBE] [restartedMain] com.zaxxer.hikari.pool.HikariPool        : HikariPool-1 - Added connection org.postgresql.jdbc.PgConnection@5927b47a
2025-06-12T15:23:08.300+05:00  INFO 18240 --- [FidDuniyaBE] [restartedMain] com.zaxxer.hikari.HikariDataSource       : HikariPool-1 - Start completed.
2025-06-12T15:23:08.381+05:00  INFO 18240 --- [FidDuniyaBE] [restartedMain] org.hibernate.orm.connections.pooling    : HHH10001005: Database info:
	Database JDBC URL [Connecting through datasource 'HikariDataSource (HikariPool-1)']
	Database driver: undefined/unknown
	Database version: 17.5
	Autocommit mode: undefined/unknown
	Isolation level: undefined/unknown
	Minimum pool size: undefined/unknown
	Maximum pool size: undefined/unknown
2025-06-12T15:23:09.544+05:00  INFO 18240 --- [FidDuniyaBE] [restartedMain] o.h.e.t.j.p.i.JtaPlatformInitiator       : HHH000489: No JTA platform available (set 'hibernate.transaction.jta.platform' to enable JTA platform integration)
2025-06-12T15:23:09.705+05:00  WARN 18240 --- [FidDuniyaBE] [restartedMain] o.h.engine.jdbc.spi.SqlExceptionHelper   : SQL Warning Code: 0, SQLState: 00000
2025-06-12T15:23:09.705+05:00  WARN 18240 --- [FidDuniyaBE] [restartedMain] o.h.engine.jdbc.spi.SqlExceptionHelper   : constraint "ukdu2lm02se3rd0ioqvlaott0ko" of relation "supplication_type" does not exist, skipping
2025-06-12T15:23:09.713+05:00  WARN 18240 --- [FidDuniyaBE] [restartedMain] o.h.engine.jdbc.spi.SqlExceptionHelper   : SQL Warning Code: 0, SQLState: 00000
2025-06-12T15:23:09.714+05:00  WARN 18240 --- [FidDuniyaBE] [restartedMain] o.h.engine.jdbc.spi.SqlExceptionHelper   : constraint "uk391pkm9lwcc06104spuoq198u" of relation "supplications" does not exist, skipping
2025-06-12T15:23:09.721+05:00  WARN 18240 --- [FidDuniyaBE] [restartedMain] o.h.engine.jdbc.spi.SqlExceptionHelper   : SQL Warning Code: 0, SQLState: 00000
2025-06-12T15:23:09.722+05:00  WARN 18240 --- [FidDuniyaBE] [restartedMain] o.h.engine.jdbc.spi.SqlExceptionHelper   : constraint "ukrc8aqmqgj9iub6hlbsab4x4ew" of relation "supplications" does not exist, skipping
2025-06-12T15:23:09.728+05:00  WARN 18240 --- [FidDuniyaBE] [restartedMain] o.h.engine.jdbc.spi.SqlExceptionHelper   : SQL Warning Code: 0, SQLState: 00000
2025-06-12T15:23:09.729+05:00  WARN 18240 --- [FidDuniyaBE] [restartedMain] o.h.engine.jdbc.spi.SqlExceptionHelper   : constraint "ukcloxgsp0qheoiawnsm5651w1x" of relation "supplications" does not exist, skipping
2025-06-12T15:23:09.741+05:00  INFO 18240 --- [FidDuniyaBE] [restartedMain] j.LocalContainerEntityManagerFactoryBean : Initialized JPA EntityManagerFactory for persistence unit 'default'
2025-06-12T15:23:10.318+05:00  WARN 18240 --- [FidDuniyaBE] [restartedMain] JpaBaseConfiguration$JpaWebConfiguration : spring.jpa.open-in-view is enabled by default. Therefore, database queries may be performed during view rendering. Explicitly configure spring.jpa.open-in-view to disable this warning
2025-06-12T15:23:10.538+05:00  WARN 18240 --- [FidDuniyaBE] [restartedMain] .s.s.UserDetailsServiceAutoConfiguration : 

Using generated security password: c8dfe340-4df1-432e-8a08-aea335b5a943

This generated password is for development use only. Your security configuration must be updated before running your application in production.

2025-06-12T15:23:10.545+05:00  INFO 18240 --- [FidDuniyaBE] [restartedMain] r$InitializeUserDetailsManagerConfigurer : Global AuthenticationManager configured with UserDetailsService bean with name inMemoryUserDetailsManager
2025-06-12T15:23:11.313+05:00  INFO 18240 --- [FidDuniyaBE] [restartedMain] o.s.b.a.e.web.EndpointLinksResolver      : Exposing 1 endpoint beneath base path '/actuator'
2025-06-12T15:23:11.479+05:00  INFO 18240 --- [FidDuniyaBE] [restartedMain] o.s.v.b.OptionalValidatorFactoryBean     : Failed to set up a Bean Validation provider: jakarta.validation.NoProviderFoundException: Unable to create a Configuration, because no Jakarta Bean Validation provider could be found. Add a provider like Hibernate Validator (RI) to your classpath.
2025-06-12T15:23:12.004+05:00  INFO 18240 --- [FidDuniyaBE] [restartedMain] o.s.b.d.a.OptionalLiveReloadServer       : LiveReload server is running on port 35729
2025-06-12T15:23:12.097+05:00  INFO 18240 --- [FidDuniyaBE] [restartedMain] o.s.b.w.embedded.tomcat.TomcatWebServer  : Tomcat started on port 3001 (http) with context path '/'
2025-06-12T15:23:12.115+05:00  INFO 18240 --- [FidDuniyaBE] [restartedMain] o.i.fidduniyabe.FidDuniyaBeApplication   : Started FidDuniyaBeApplication in 7.82 seconds (process running for 8.805)
2025-06-12T15:23:12.716+05:00  INFO 18240 --- [FidDuniyaBE] [RMI TCP Connection(3)-192.168.56.1] o.a.c.c.C.[Tomcat].[localhost].[/]       : Initializing Spring DispatcherServlet 'dispatcherServlet'
2025-06-12T15:23:12.716+05:00  INFO 18240 --- [FidDuniyaBE] [RMI TCP Connection(3)-192.168.56.1] o.s.web.servlet.DispatcherServlet        : Initializing Servlet 'dispatcherServlet'
2025-06-12T15:23:12.721+05:00  INFO 18240 --- [FidDuniyaBE] [RMI TCP Connection(3)-192.168.56.1] o.s.web.servlet.DispatcherServlet        : Completed initialization in 4 ms
2025-06-12T15:24:07.775+05:00  INFO 18240 --- [FidDuniyaBE] [http-nio-3001-exec-1] o.i.f.controller.UsersController         : Supplication type has been created
2025-06-12T15:26:15.489+05:00  WARN 18240 --- [FidDuniyaBE] [http-nio-3001-exec-5] o.h.engine.jdbc.spi.SqlExceptionHelper   : SQL Error: 0, SQLState: 23503
2025-06-12T15:26:15.490+05:00 ERROR 18240 --- [FidDuniyaBE] [http-nio-3001-exec-5] o.h.engine.jdbc.spi.SqlExceptionHelper   : ERROR: insert or update on table "supplications" violates foreign key constraint "fk8m9f66x93dsut74msnpe92o43"
  Detail: Key (type_id)=(2) is not present in table "supplication_type".
2025-06-12T15:26:15.535+05:00  WARN 18240 --- [FidDuniyaBE] [http-nio-3001-exec-5] .m.m.a.ExceptionHandlerExceptionResolver : Resolved [org.springframework.dao.DataIntegrityViolationException: could not execute statement [ERROR: insert or update on table "supplications" violates foreign key constraint "fk8m9f66x93dsut74msnpe92o43"<EOL>  Detail: Key (type_id)=(2) is not present in table "supplication_type".] [insert into supplications (arabic,created_at,english,heading,heading_roman,is_active,num_of_duas,num_sub_categories,ref_chapter,ref_text,ref_type,roman,sub_heading,sup_id_in_csv,type_id,total_count,updated_at) values (?,?,?,?,?,?,?,?,?,?,?,?,?,?,?,?,?)]; SQL [insert into supplications (arabic,created_at,english,heading,heading_roman,is_active,num_of_duas,num_sub_categories,ref_chapter,ref_text,ref_type,roman,sub_heading,sup_id_in_csv,type_id,total_count,updated_at) values (?,?,?,?,?,?,?,?,?,?,?,?,?,?,?,?,?)]; constraint [fk8m9f66x93dsut74msnpe92o43]]
2025-06-12T15:26:20.481+05:00  INFO 18240 --- [FidDuniyaBE] [http-nio-3001-exec-7] o.i.f.c.SupplicationsController          : Supplication added successfully with ID: 2
2025-06-12T15:27:09.689+05:00  INFO 18240 --- [FidDuniyaBE] [SpringApplicationShutdownHook] o.s.b.w.e.tomcat.GracefulShutdown        : Commencing graceful shutdown. Waiting for active requests to complete
2025-06-12T15:27:09.707+05:00  INFO 18240 --- [FidDuniyaBE] [tomcat-shutdown] o.s.b.w.e.tomcat.GracefulShutdown        : Graceful shutdown complete
2025-06-12T15:27:09.715+05:00  INFO 18240 --- [FidDuniyaBE] [SpringApplicationShutdownHook] j.LocalContainerEntityManagerFactoryBean : Closing JPA EntityManagerFactory for persistence unit 'default'
2025-06-12T15:27:09.719+05:00  INFO 18240 --- [FidDuniyaBE] [SpringApplicationShutdownHook] com.zaxxer.hikari.HikariDataSource       : HikariPool-1 - Shutdown initiated...
2025-06-12T15:27:09.723+05:00  INFO 18240 --- [FidDuniyaBE] [SpringApplicationShutdownHook] com.zaxxer.hikari.HikariDataSource       : HikariPool-1 - Shutdown completed.
